#
# A fatal error has been detected by the Java Runtime Environment:
#
#  SIGBUS (0x7) at pc=0x00007f23a191fb9e, pid=29927, tid=0x00007f230ea7b700
#
# JRE version: OpenJDK Runtime Environment (8.0_161-b14) (build 1.8.0_161-b14)
# Java VM: OpenJDK 64-Bit Server VM (25.161-b14 mixed mode linux-amd64 compressed oops)
# Problematic frame:
# V  [libjvm.so+0x8f6b9e]
#
# Failed to write core dump. Core dumps have been disabled. To enable core dumping, try "ulimit -c unlimited" before starting Java again
#
# If you would like to submit a bug report, please visit:
#   http://bugreport.java.com/bugreport/crash.jsp
#

---------------  T H R E A D  ---------------

Current thread (0x00007f239c102fc0):  WatcherThread [stack: 0x00007f230e97b000,0x00007f230ea7c000] [id=30032]

siginfo: si_signo: 7 (SIGBUS), si_code: 2 (BUS_ADRERR), si_addr: 0x00007f23a2d0e420

Registers:
RAX=0x000000015e4f9238, RBX=0x00007f23a2d0e420, RCX=0x0000000000000000, RDX=0x00007f23a1f94c30
RSP=0x00007f230ea7adb0, RBP=0x00007f230ea7adc0, RSI=0x0000000000000032, RDI=0x00007f239c01b9e0
R8 =0x0000000000000001, R9 =0x000000000001c65e, R10=0x0000000000000001, R11=0x0000000000000002
R12=0x0000000000000008, R13=0x00007f239c01db50, R14=0x0000000000000002, R15=0x00007f23a1fd9ea0
RIP=0x00007f23a191fb9e, EFLAGS=0x0000000000010202, CSGSFS=0x0000000000000033, ERR=0x0000000000000007
  TRAPNO=0x000000000000000e

Top of Stack: (sp=0x00007f230ea7adb0)
0x00007f230ea7adb0:   00007f239c009120 0000000000000001
0x00007f230ea7adc0:   00007f230ea7adf0 00007f23a1a0bf0c
0x00007f230ea7add0:   00007f230ea7adf0 0000000000000001
0x00007f230ea7ade0:   0000000000000032 0000000000000032
0x00007f230ea7adf0:   00007f230ea7ae40 00007f23a1a54d00
0x00007f230ea7ae00:   00007f239c103d20 00007f239c009120
0x00007f230ea7ae10:   0000000000000000 0000000000000032
0x00007f230ea7ae20:   00007f239c102fc0 00007f239c102fc0
0x00007f230ea7ae30:   00007f230ea7b700 0000000000100000
0x00007f230ea7ae40:   00007f230ea7aed0 00007f23a1a80e77
0x00007f230ea7ae50:   0000000000000000 00007f239c103e10
0x00007f230ea7ae60:   0000000000000000 0000000000000000
0x00007f230ea7ae70:   0000000000000001 00007f239c102fc0
0x00007f230ea7ae80:   00007f230ea7aed0 00007f23a189afaf
0x00007f230ea7ae90:   00007f239c102fc0 619ad9044c650a00
0x00007f230ea7aea0:   00007f230ea7aed0 00007f239c103e10
0x00007f230ea7aeb0:   00007f239c103d20 00007f239c102fc0
0x00007f230ea7aec0:   00007f230ea7b700 0000000000100000
0x00007f230ea7aed0:   00007f230ea7af10 00007f23a18d71b2
0x00007f230ea7aee0:   0000000000000000 0000000000000000
0x00007f230ea7aef0:   0000000000000000 00007f230ea7b9c0
0x00007f230ea7af00:   00007f230ea7b700 0000000000100000
0x00007f230ea7af10:   0000000000000000 00007f23a29e8e25
0x00007f230ea7af20:   0000000000000000 00007f230ea7b700
0x00007f230ea7af30:   00007f230ea7b700 e8310185145cd840
0x00007f230ea7af40:   0000000000000000 00007f230ea7b9c0
0x00007f230ea7af50:   00007f230ea7b700 0000000000100000
0x00007f230ea7af60:   16771cca4a1cd840 167644b80f86d840
0x00007f230ea7af70:   0000000000000000 0000000000000000
0x00007f230ea7af80:   0000000000000000 0000000000000000
0x00007f230ea7af90:   0000000000000000 0000000000000000
0x00007f230ea7afa0:   0000000000000000 0000000000000000 

Instructions: (pc=0x00007f23a191fb9e)
0x00007f23a191fb7e:   91 ff 48 8b 47 38 48 85 c0 74 1e 55 48 89 e5 53
0x00007f23a191fb8e:   48 83 ec 08 48 8b 5f 28 48 8b 10 48 89 c7 ff 12
0x00007f23a191fb9e:   48 89 03 48 83 c4 08 5b 5d f3 c3 90 66 0f 1f 44
0x00007f23a191fbae:   00 00 55 48 89 e5 41 57 41 56 41 55 49 89 d5 48 

Register to memory mapping:

RAX=0x000000015e4f9238 is an unknown value
RBX=0x00007f23a2d0e420 is an unknown value
RCX=0x0000000000000000 is an unknown value
RDX=0x00007f23a1f94c30: <offset 0xf6bc30> in /usr/lib/jvm/java-1.8.0-openjdk-1.8.0.161-0.b14.el7_4.x86_64/jre/lib/amd64/server/libjvm.so at 0x00007f23a1029000
RSP=0x00007f230ea7adb0 is an unknown value
RBP=0x00007f230ea7adc0 is an unknown value
RSI=0x0000000000000032 is an unknown value
RDI=0x00007f239c01b9e0 is an unknown value
R8 =0x0000000000000001 is an unknown value
R9 =0x000000000001c65e is an unknown value
R10=0x0000000000000001 is an unknown value
R11=0x0000000000000002 is an unknown value
R12=0x0000000000000008 is an unknown value
R13=0x00007f239c01db50 is an unknown value
R14=0x0000000000000002 is an unknown value
R15=0x00007f23a1fd9ea0: <offset 0xfb0ea0> in /usr/lib/jvm/java-1.8.0-openjdk-1.8.0.161-0.b14.el7_4.x86_64/jre/lib/amd64/server/libjvm.so at 0x00007f23a1029000


Stack: [0x00007f230e97b000,0x00007f230ea7c000],  sp=0x00007f230ea7adb0,  free space=1023k
Native frames: (J=compiled Java code, j=interpreted, Vv=VM code, C=native code)
V  [libjvm.so+0x8f6b9e]
V  [libjvm.so+0x9e2f0c]
V  [libjvm.so+0xa2bd00]
V  [libjvm.so+0xa57e77]
V  [libjvm.so+0x8ae1b2]


---------------  P R O C E S S  ---------------

Java Threads: ( => current thread )
  0x00007f239cc9d9c0 JavaThread "clojure-agent-send-pool-25" [_thread_blocked, id=30058, stack(0x00007f22f98d5000,0x00007f22f99d6000)]
  0x00007f239cca3d40 JavaThread "clojure-agent-send-pool-24" [_thread_blocked, id=30057, stack(0x00007f22f99d6000,0x00007f22f9ad7000)]
  0x00007f239cc9fa60 JavaThread "clojure-agent-send-pool-23" [_thread_blocked, id=30056, stack(0x00007f230c0f9000,0x00007f230c1fa000)]
  0x00007f239cca5e80 JavaThread "clojure-agent-send-pool-22" [_thread_blocked, id=30055, stack(0x00007f230c1fa000,0x00007f230c2fb000)]
  0x00007f239ce2f380 JavaThread "clojure-agent-send-pool-21" [_thread_blocked, id=30054, stack(0x00007f230c2fb000,0x00007f230c3fc000)]
  0x00007f239ce3c940 JavaThread "clojure-agent-send-pool-20" [_thread_blocked, id=30053, stack(0x00007f230c3fc000,0x00007f230c4fd000)]
  0x00007f239cc9a3d0 JavaThread "clojure-agent-send-pool-19" [_thread_blocked, id=30052, stack(0x00007f230c4fd000,0x00007f230c5fe000)]
  0x00007f239ccd25e0 JavaThread "clojure-agent-send-pool-18" [_thread_blocked, id=30051, stack(0x00007f230c5fe000,0x00007f230c6ff000)]
  0x00007f239cdb13c0 JavaThread "clojure-agent-send-pool-17" [_thread_blocked, id=30050, stack(0x00007f230c6ff000,0x00007f230c800000)]
  0x00007f239cc92120 JavaThread "clojure-agent-send-pool-16" [_thread_blocked, id=30049, stack(0x00007f230c800000,0x00007f230c901000)]
  0x00007f239ce42080 JavaThread "clojure-agent-send-pool-15" [_thread_blocked, id=30048, stack(0x00007f230c901000,0x00007f230ca02000)]
  0x00007f239cda7be0 JavaThread "clojure-agent-send-pool-14" [_thread_blocked, id=30047, stack(0x00007f230ca02000,0x00007f230cb03000)]
  0x00007f239cc88830 JavaThread "clojure-agent-send-pool-13" [_thread_blocked, id=30046, stack(0x00007f230cb03000,0x00007f230cc04000)]
  0x00007f239cc4e0b0 JavaThread "clojure-agent-send-pool-12" [_thread_blocked, id=30045, stack(0x00007f230cc04000,0x00007f230cd05000)]
  0x00007f239cc8c9f0 JavaThread "clojure-agent-send-pool-11" [_thread_blocked, id=30044, stack(0x00007f230cd05000,0x00007f230ce06000)]
  0x00007f239cc5fa70 JavaThread "clojure-agent-send-pool-10" [_thread_blocked, id=30043, stack(0x00007f230ce06000,0x00007f230cf07000)]
  0x00007f239cc8a5f0 JavaThread "clojure-agent-send-pool-9" [_thread_blocked, id=30042, stack(0x00007f230cf07000,0x00007f230d008000)]
  0x00007f239cc85000 JavaThread "clojure-agent-send-pool-8" [_thread_blocked, id=30041, stack(0x00007f230d008000,0x00007f230d109000)]
  0x00007f239cc7b7b0 JavaThread "clojure-agent-send-pool-7" [_thread_blocked, id=30040, stack(0x00007f230d109000,0x00007f230d20a000)]
  0x00007f239cde3f80 JavaThread "clojure-agent-send-pool-6" [_thread_blocked, id=30039, stack(0x00007f230d20a000,0x00007f230d30b000)]
  0x00007f239ccc2800 JavaThread "clojure-agent-send-pool-5" [_thread_blocked, id=30038, stack(0x00007f230d30b000,0x00007f230d40c000)]
  0x00007f239cc77f20 JavaThread "clojure-agent-send-pool-4" [_thread_blocked, id=30037, stack(0x00007f230d40c000,0x00007f230d50d000)]
  0x00007f239cc76740 JavaThread "clojure-agent-send-pool-3" [_thread_blocked, id=30036, stack(0x00007f230d50d000,0x00007f230d60e000)]
  0x00007f239cc742c0 JavaThread "clojure-agent-send-pool-2" [_thread_blocked, id=30035, stack(0x00007f230d60e000,0x00007f230d70f000)]
  0x00007f239cc4a940 JavaThread "clojure-agent-send-pool-1" [_thread_in_Java, id=30034, stack(0x00007f230d70f000,0x00007f230d810000)]
  0x00007f239cd2e3d0 JavaThread "clojure-agent-send-pool-0" [_thread_in_Java, id=30033, stack(0x00007f230d810000,0x00007f230d911000)]
  0x00007f239c101180 JavaThread "Service Thread" daemon [_thread_blocked, id=30031, stack(0x00007f230ea7c000,0x00007f230eb7d000)]
  0x00007f239c0fc6b0 JavaThread "C1 CompilerThread11" daemon [_thread_blocked, id=30030, stack(0x00007f230eb7d000,0x00007f230ec7e000)]
  0x00007f239c0faab0 JavaThread "C1 CompilerThread10" daemon [_thread_blocked, id=30029, stack(0x00007f230ec7e000,0x00007f230ed7f000)]
  0x00007f239c0f8ed0 JavaThread "C1 CompilerThread9" daemon [_thread_blocked, id=30028, stack(0x00007f230ed7f000,0x00007f230ee80000)]
  0x00007f239c0f72f0 JavaThread "C1 CompilerThread8" daemon [_thread_blocked, id=30027, stack(0x00007f230ee80000,0x00007f230ef81000)]
  0x00007f239c0f5710 JavaThread "C2 CompilerThread7" daemon [_thread_blocked, id=30026, stack(0x00007f230ef81000,0x00007f230f082000)]
  0x00007f239c0f3b30 JavaThread "C2 CompilerThread6" daemon [_thread_blocked, id=30025, stack(0x00007f230f082000,0x00007f230f183000)]
  0x00007f239c0f1f50 JavaThread "C2 CompilerThread5" daemon [_thread_blocked, id=30024, stack(0x00007f230f183000,0x00007f230f284000)]
  0x00007f239c0e8380 JavaThread "C2 CompilerThread4" daemon [_thread_blocked, id=30023, stack(0x00007f230f284000,0x00007f230f385000)]
  0x00007f239c0e67a0 JavaThread "C2 CompilerThread3" daemon [_thread_blocked, id=30022, stack(0x00007f230f385000,0x00007f230f486000)]
  0x00007f239c0e4bc0 JavaThread "C2 CompilerThread2" daemon [_thread_blocked, id=30021, stack(0x00007f230f486000,0x00007f230f587000)]
  0x00007f239c01cc10 JavaThread "C2 CompilerThread1" daemon [_thread_blocked, id=30020, stack(0x00007f230f587000,0x00007f230f688000)]
  0x00007f239c0d65c0 JavaThread "C2 CompilerThread0" daemon [_thread_blocked, id=30019, stack(0x00007f230f688000,0x00007f230f789000)]
  0x00007f239c0d4b40 JavaThread "Signal Dispatcher" daemon [_thread_blocked, id=30018, stack(0x00007f230f789000,0x00007f230f88a000)]
  0x00007f239c0a8bd0 JavaThread "Finalizer" daemon [_thread_blocked, id=30017, stack(0x00007f230f88a000,0x00007f230f98b000)]
  0x00007f239c0a4960 JavaThread "Reference Handler" daemon [_thread_blocked, id=30016, stack(0x00007f230f98b000,0x00007f230fa8c000)]
  0x00007f239c00afa0 JavaThread "main" [_thread_blocked, id=29996, stack(0x00007f23a2d17000,0x00007f23a2e18000)]

Other Threads:
  0x00007f239c09b430 VMThread [stack: 0x00007f230fa8c000,0x00007f230fb8d000] [id=30015]
=>0x00007f239c102fc0 WatcherThread [stack: 0x00007f230e97b000,0x00007f230ea7c000] [id=30032]

VM state:not at safepoint (normal execution)

VM Mutex/Monitor currently owned by a thread:  ([mutex/lock_event])
[0x00007f239c009120] PeriodicTask_lock - owner thread: 0x00007f239c102fc0

Heap:
 PSYoungGen      total 6932480K, used 5785277K [0x0000000615580000, 0x00000007c0000000, 0x00000007c0000000)
  eden space 6874624K, 83% used [0x0000000615580000,0x0000000773f87520,0x00000007b8f00000)
  from space 57856K, 70% used [0x00000007bc780000,0x00000007bef28000,0x00000007c0000000)
  to   space 57856K, 0% used [0x00000007b8f00000,0x00000007b8f00000,0x00000007bc780000)
 ParOldGen       total 13981184K, used 70280K [0x00000002c0000000, 0x0000000615580000, 0x0000000615580000)
  object space 13981184K, 0% used [0x00000002c0000000,0x00000002c44a2208,0x0000000615580000)
 Metaspace       used 27492K, capacity 34495K, committed 34688K, reserved 1075200K
  class space    used 6421K, capacity 8748K, committed 8832K, reserved 1048576K

Card table byte_map: [0x00007f2389615000,0x00007f238be16000] byte_map_base: 0x00007f2388015000

Marking Bits: (ParMarkBitMap*) 0x00007f23a1fd7de0
 Begin Bits: [0x00007f2314000000, 0x00007f2328000000)
 End Bits:   [0x00007f2328000000, 0x00007f233c000000)

Polling page: 0x00007f23a2d16000

CodeCache: size=245760Kb used=18881Kb max_used=20776Kb free=226878Kb
 bounds [0x00007f238c1d6000, 0x00007f238d666000, 0x00007f239b1d6000]
 total_blobs=3831 nmethods=3474 adapters=269
 compilation: enabled

Compilation events (10 events):
Event: 203.037 Thread 0x00007f239c0e8380 nmethod 5494 0x00007f238d450390 code [0x00007f238d450540, 0x00007f238d4510b8]
Event: 203.062 Thread 0x00007f239c0e4bc0 nmethod 5491 0x00007f238d3736d0 code [0x00007f238d373920, 0x00007f238d375028]
Event: 206.427 Thread 0x00007f239c0d65c0 5495       4       java.math.MutableBigInteger::divideMagnitude (1307 bytes)
Event: 206.487 Thread 0x00007f239c0d65c0 nmethod 5495 0x00007f238cd76510 code [0x00007f238cd76740, 0x00007f238cd78758]
Event: 207.496 Thread 0x00007f239c0f72f0 5496       3       java.util.UUID::equals (51 bytes)
Event: 207.497 Thread 0x00007f239c0f72f0 nmethod 5496 0x00007f238c72f210 code [0x00007f238c72f380, 0x00007f238c72f790]
Event: 208.342 Thread 0x00007f239c0faab0 5497       3       clojure.core$flush::invoke (4 bytes)
Event: 208.343 Thread 0x00007f239c0faab0 nmethod 5497 0x00007f238cdd91d0 code [0x00007f238cdd93a0, 0x00007f238cdd9b78]
Event: 209.605 Thread 0x00007f239c0f1f50 5498       4       java.util.TimSort::mergeLo (659 bytes)
Event: 209.642 Thread 0x00007f239c0f1f50 nmethod 5498 0x00007f238d4f7190 code [0x00007f238d4f73a0, 0x00007f238d4f8aa0]

GC Heap History (10 events):
Event: 207.947 GC heap before
{Heap before GC invocations=183 (full 1):
 PSYoungGen      total 6925312K, used 6924896K [0x0000000615580000, 0x00000007c0000000, 0x00000007c0000000)
  eden space 6880768K, 100% used [0x0000000615580000,0x00000007b9500000,0x00000007b9500000)
  from space 44544K, 99% used [0x00000007b9500000,0x00000007bc018000,0x00000007bc080000)
  to   space 57344K, 0% used [0x00000007bc800000,0x00000007bc800000,0x00000007c0000000)
 ParOldGen       total 13981184K, used 69600K [0x00000002c0000000, 0x0000000615580000, 0x0000000615580000)
  object space 13981184K, 0% used [0x00000002c0000000,0x00000002c43f8208,0x0000000615580000)
 Metaspace       used 27492K, capacity 34495K, committed 34688K, reserved 1075200K
  class space    used 6421K, capacity 8748K, committed 8832K, reserved 1048576K
Event: 207.975 GC heap after
Heap after GC invocations=183 (full 1):
 PSYoungGen      total 6931968K, used 39392K [0x0000000615580000, 0x00000007c0000000, 0x00000007c0000000)
  eden space 6874624K, 0% used [0x0000000615580000,0x0000000615580000,0x00000007b8f00000)
  from space 57344K, 68% used [0x00000007bc800000,0x00000007bee78000,0x00000007c0000000)
  to   space 57856K, 0% used [0x00000007b8f00000,0x00000007b8f00000,0x00000007bc780000)
 ParOldGen       total 13981184K, used 69680K [0x00000002c0000000, 0x0000000615580000, 0x0000000615580000)
  object space 13981184K, 0% used [0x00000002c0000000,0x00000002c440c208,0x0000000615580000)
 Metaspace       used 27492K, capacity 34495K, committed 34688K, reserved 1075200K
  class space    used 6421K, capacity 8748K, committed 8832K, reserved 1048576K
}
Event: 209.104 GC heap before
{Heap before GC invocations=184 (full 1):
 PSYoungGen      total 6931968K, used 6914016K [0x0000000615580000, 0x00000007c0000000, 0x00000007c0000000)
  eden space 6874624K, 100% used [0x0000000615580000,0x00000007b8f00000,0x00000007b8f00000)
  from space 57344K, 68% used [0x00000007bc800000,0x00000007bee78000,0x00000007c0000000)
  to   space 57856K, 0% used [0x00000007b8f00000,0x00000007b8f00000,0x00000007bc780000)
 ParOldGen       total 13981184K, used 69680K [0x00000002c0000000, 0x0000000615580000, 0x0000000615580000)
  object space 13981184K, 0% used [0x00000002c0000000,0x00000002c440c208,0x0000000615580000)
 Metaspace       used 27492K, capacity 34495K, committed 34688K, reserved 1075200K
  class space    used 6421K, capacity 8748K, committed 8832K, reserved 1048576K
Event: 209.115 GC heap after
Heap after GC invocations=184 (full 1):
 PSYoungGen      total 6932480K, used 17408K [0x0000000615580000, 0x00000007c0000000, 0x00000007c0000000)
  eden space 6874624K, 0% used [0x0000000615580000,0x0000000615580000,0x00000007b8f00000)
  from space 57856K, 30% used [0x00000007b8f00000,0x00000007ba000000,0x00000007bc780000)
  to   space 57856K, 0% used [0x00000007bc780000,0x00000007bc780000,0x00000007c0000000)
 ParOldGen       total 13981184K, used 69720K [0x00000002c0000000, 0x0000000615580000, 0x0000000615580000)
  object space 13981184K, 0% used [0x00000002c0000000,0x00000002c4416208,0x0000000615580000)
 Metaspace       used 27492K, capacity 34495K, committed 34688K, reserved 1075200K
  class space    used 6421K, capacity 8748K, committed 8832K, reserved 1048576K
}
Event: 210.135 GC heap before
{Heap before GC invocations=185 (full 1):
 PSYoungGen      total 6932480K, used 6892032K [0x0000000615580000, 0x00000007c0000000, 0x00000007c0000000)
  eden space 6874624K, 100% used [0x0000000615580000,0x00000007b8f00000,0x00000007b8f00000)
  from space 57856K, 30% used [0x00000007b8f00000,0x00000007ba000000,0x00000007bc780000)
  to   space 57856K, 0% used [0x00000007bc780000,0x00000007bc780000,0x00000007c0000000)
 ParOldGen       total 13981184K, used 69720K [0x00000002c0000000, 0x0000000615580000, 0x0000000615580000)
  object space 13981184K, 0% used [0x00000002c0000000,0x00000002c4416208,0x0000000615580000)
 Metaspace       used 27492K, capacity 34495K, committed 34688K, reserved 1075200K
  class space    used 6421K, capacity 8748K, committed 8832K, reserved 1048576K
Event: 210.153 GC heap after
Heap after GC invocations=185 (full 1):
 PSYoungGen      total 6930432K, used 40608K [0x0000000615580000, 0x00000007c0000000, 0x00000007c0000000)
  eden space 6872576K, 0% used [0x0000000615580000,0x0000000615580000,0x00000007b8d00000)
  from space 57856K, 70% used [0x00000007bc780000,0x00000007bef28000,0x00000007c0000000)
  to   space 58880K, 0% used [0x00000007b8d00000,0x00000007b8d00000,0x00000007bc680000)
 ParOldGen       total 13981184K, used 70176K [0x00000002c0000000, 0x0000000615580000, 0x0000000615580000)
  object space 13981184K, 0% used [0x00000002c0000000,0x00000002c4488208,0x0000000615580000)
 Metaspace       used 27492K, capacity 34495K, committed 34688K, reserved 1075200K
  class space    used 6421K, capacity 8748K, committed 8832K, reserved 1048576K
}
Event: 210.681 GC heap before
{Heap before GC invocations=186 (full 1):
 PSYoungGen      total 6930432K, used 6913184K [0x0000000615580000, 0x00000007c0000000, 0x00000007c0000000)
  eden space 6872576K, 100% used [0x0000000615580000,0x00000007b8d00000,0x00000007b8d00000)
  from space 57856K, 70% used [0x00000007bc780000,0x00000007bef28000,0x00000007c0000000)
  to   space 58880K, 0% used [0x00000007b8d00000,0x00000007b8d00000,0x00000007bc680000)
 ParOldGen       total 13981184K, used 70176K [0x00000002c0000000, 0x0000000615580000, 0x0000000615580000)
  object space 13981184K, 0% used [0x00000002c0000000,0x00000002c4488208,0x0000000615580000)
 Metaspace       used 27492K, capacity 34495K, committed 34688K, reserved 1075200K
  class space    used 6421K, capacity 8748K, committed 8832K, reserved 1048576K
Event: 210.691 GC heap after
Heap after GC invocations=186 (full 1):
 PSYoungGen      total 6931456K, used 36384K [0x0000000615580000, 0x00000007c0000000, 0x00000007c0000000)
  eden space 6872576K, 0% used [0x0000000615580000,0x0000000615580000,0x00000007b8d00000)
  from space 58880K, 61% used [0x00000007b8d00000,0x00000007bb088000,0x00000007bc680000)
  to   space 57856K, 0% used [0x00000007bc780000,0x00000007bc780000,0x00000007c0000000)
 ParOldGen       total 13981184K, used 70224K [0x00000002c0000000, 0x0000000615580000, 0x0000000615580000)
  object space 13981184K, 0% used [0x00000002c0000000,0x00000002c4494208,0x0000000615580000)
 Metaspace       used 27492K, capacity 34495K, committed 34688K, reserved 1075200K
  class space    used 6421K, capacity 8748K, committed 8832K, reserved 1048576K
}
Event: 211.221 GC heap before
{Heap before GC invocations=187 (full 1):
 PSYoungGen      total 6931456K, used 6908960K [0x0000000615580000, 0x00000007c0000000, 0x00000007c0000000)
  eden space 6872576K, 100% used [0x0000000615580000,0x00000007b8d00000,0x00000007b8d00000)
  from space 58880K, 61% used [0x00000007b8d00000,0x00000007bb088000,0x00000007bc680000)
  to   space 57856K, 0% used [0x00000007bc780000,0x00000007bc780000,0x00000007c0000000)
 ParOldGen       total 13981184K, used 70224K [0x00000002c0000000, 0x0000000615580000, 0x0000000615580000)
  object space 13981184K, 0% used [0x00000002c0000000,0x00000002c4494208,0x0000000615580000)
 Metaspace       used 27492K, capacity 34495K, committed 34688K, reserved 1075200K
  class space    used 6421K, capacity 8748K, committed 8832K, reserved 1048576K
Event: 211.230 GC heap after
Heap after GC invocations=187 (full 1):
 PSYoungGen      total 6932480K, used 40608K [0x0000000615580000, 0x00000007c0000000, 0x00000007c0000000)
  eden space 6874624K, 0% used [0x0000000615580000,0x0000000615580000,0x00000007b8f00000)
  from space 57856K, 70% used [0x00000007bc780000,0x00000007bef28000,0x00000007c0000000)
  to   space 57856K, 0% used [0x00000007b8f00000,0x00000007b8f00000,0x00000007bc780000)
 ParOldGen       total 13981184K, used 70280K [0x00000002c0000000, 0x0000000615580000, 0x0000000615580000)
  object space 13981184K, 0% used [0x00000002c0000000,0x00000002c44a2208,0x0000000615580000)
 Metaspace       used 27492K, capacity 34495K, committed 34688K, reserved 1075200K
  class space    used 6421K, capacity 8748K, committed 8832K, reserved 1048576K
}

Deoptimization events (10 events):
Event: 185.678 Thread 0x00007f239c00afa0 Uncommon trap: reason=unstable_if action=reinterpret pc=0x00007f238c850b84 method=clojure.lang.BigInt.fromBigInteger(Ljava/math/BigInteger;)Lclojure/lang/BigInt; @ 6
Event: 185.678 Thread 0x00007f239c00afa0 Uncommon trap: reason=unstable_if action=reinterpret pc=0x00007f238d3b3378 method=clojure.lang.BigInt.fromBigInteger(Ljava/math/BigInteger;)Lclojure/lang/BigInt; @ 6
Event: 185.678 Thread 0x00007f239c00afa0 Uncommon trap: reason=unstable_if action=reinterpret pc=0x00007f238c9d3154 method=clojure.lang.BigInt.lt(Lclojure/lang/BigInt;)Z @ 4
Event: 185.678 Thread 0x00007f239c00afa0 Uncommon trap: reason=unstable_if action=reinterpret pc=0x00007f238d2dfc54 method=clojure.lang.BigInt.toBigInteger()Ljava/math/BigInteger; @ 4
Event: 185.678 Thread 0x00007f239c00afa0 Uncommon trap: reason=unstable_if action=reinterpret pc=0x00007f238d49a4ac method=clojure.lang.BigInt.fromBigInteger(Ljava/math/BigInteger;)Lclojure/lang/BigInt; @ 6
Event: 190.004 Thread 0x00007f239c00afa0 Uncommon trap: reason=unstable_if action=reinterpret pc=0x00007f238d08f804 method=java.math.BigInteger.compareMagnitude(Ljava/math/BigInteger;)I @ 61
Event: 190.004 Thread 0x00007f239c00afa0 Uncommon trap: reason=unstable_if action=reinterpret pc=0x00007f238d416310 method=java.math.BigInteger.compareMagnitude(Ljava/math/BigInteger;)I @ 61
Event: 198.945 Thread 0x00007f239c00afa0 Uncommon trap: reason=unstable_if action=reinterpret pc=0x00007f238ce5eb4c method=java.math.BigInteger.multiply(Ljava/math/BigInteger;)Ljava/math/BigInteger; @ 107
Event: 198.945 Thread 0x00007f239c00afa0 Uncommon trap: reason=unstable_if action=reinterpret pc=0x00007f238d558ed8 method=java.math.BigInteger.trustedStripLeadingZeroInts([I)[I @ 13
Event: 203.017 Thread 0x00007f239c00afa0 Uncommon trap: reason=unstable_if action=reinterpret pc=0x00007f238d0eaa28 method=java.math.BigInteger.multiplyByInt([III)Ljava/math/BigInteger; @ 108

Classes redefined (0 events):
No events

Internal exceptions (10 events):
Event: 4.899 Thread 0x00007f239c00afa0 Implicit null exception at 0x00007f238d05a352 to 0x00007f238d05a511
Event: 5.182 Thread 0x00007f239c00afa0 Implicit null exception at 0x00007f238d0e870c to 0x00007f238d0e8774
Event: 5.328 Thread 0x00007f239ce3c940 Implicit null exception at 0x00007f238ccff58c to 0x00007f238ccff5bd
Event: 5.331 Thread 0x00007f239cc76740 Implicit null exception at 0x00007f238d21376c to 0x00007f238d213afd
Event: 5.331 Thread 0x00007f239ce42080 Implicit null exception at 0x00007f238cdf558f to 0x00007f238cdf576d
Event: 5.332 Thread 0x00007f239cc4a940 Implicit null exception at 0x00007f238cd0ed8f to 0x00007f238cd0ef6d
Event: 5.523 Thread 0x00007f239cdb13c0 Implicit null exception at 0x00007f238d08457f to 0x00007f238d085381
Event: 6.775 Thread 0x00007f239ce42080 Implicit null exception at 0x00007f238d2d5cdb to 0x00007f238d2d5d26
Event: 12.628 Thread 0x00007f239c00afa0 Implicit null exception at 0x00007f238d07e64b to 0x00007f238d07f1ed
Event: 22.940 Thread 0x00007f239c00afa0 Implicit null exception at 0x00007f238c536fec to 0x00007f238c537d52

Events (10 events):
Event: 207.945 Executing VM operation: ParallelGCFailedAllocation
Event: 207.975 Executing VM operation: ParallelGCFailedAllocation done
Event: 209.104 Executing VM operation: ParallelGCFailedAllocation
Event: 209.115 Executing VM operation: ParallelGCFailedAllocation done
Event: 210.134 Executing VM operation: ParallelGCFailedAllocation
Event: 210.153 Executing VM operation: ParallelGCFailedAllocation done
Event: 210.680 Executing VM operation: ParallelGCFailedAllocation
Event: 210.691 Executing VM operation: ParallelGCFailedAllocation done
Event: 211.220 Executing VM operation: ParallelGCFailedAllocation
Event: 211.230 Executing VM operation: ParallelGCFailedAllocation done


Dynamic libraries:
00400000-00401000 r-xp 00000000 08:05 538063772                          /usr/lib/jvm/java-1.8.0-openjdk-1.8.0.161-0.b14.el7_4.x86_64/jre/bin/java
00600000-00601000 r--p 00000000 08:05 538063772                          /usr/lib/jvm/java-1.8.0-openjdk-1.8.0.161-0.b14.el7_4.x86_64/jre/bin/java
00601000-00602000 rw-p 00001000 08:05 538063772                          /usr/lib/jvm/java-1.8.0-openjdk-1.8.0.161-0.b14.el7_4.x86_64/jre/bin/java
00dac000-00dcd000 rw-p 00000000 00:00 0                                  [heap]
2c0000000-7c08a0000 rw-p 00000000 00:00 0 
7c08a0000-800000000 ---p 00000000 00:00 0 
7f2254000000-7f2254021000 rw-p 00000000 00:00 0 
7f2254021000-7f2258000000 ---p 00000000 00:00 0 
7f2258000000-7f2258021000 rw-p 00000000 00:00 0 
7f2258021000-7f225c000000 ---p 00000000 00:00 0 
7f225c000000-7f225c021000 rw-p 00000000 00:00 0 
7f225c021000-7f2260000000 ---p 00000000 00:00 0 
7f2260000000-7f2260021000 rw-p 00000000 00:00 0 
7f2260021000-7f2264000000 ---p 00000000 00:00 0 
7f2264000000-7f2264021000 rw-p 00000000 00:00 0 
7f2264021000-7f2268000000 ---p 00000000 00:00 0 
7f2268000000-7f2268021000 rw-p 00000000 00:00 0 
7f2268021000-7f226c000000 ---p 00000000 00:00 0 
7f226c000000-7f226c021000 rw-p 00000000 00:00 0 
7f226c021000-7f2270000000 ---p 00000000 00:00 0 
7f2270000000-7f2270021000 rw-p 00000000 00:00 0 
7f2270021000-7f2274000000 ---p 00000000 00:00 0 
7f2274000000-7f2274021000 rw-p 00000000 00:00 0 
7f2274021000-7f2278000000 ---p 00000000 00:00 0 
7f2278000000-7f2278021000 rw-p 00000000 00:00 0 
7f2278021000-7f227c000000 ---p 00000000 00:00 0 
7f227c000000-7f227c021000 rw-p 00000000 00:00 0 
7f227c021000-7f2280000000 ---p 00000000 00:00 0 
7f2280000000-7f228007a000 rw-p 00000000 00:00 0 
7f228007a000-7f2284000000 ---p 00000000 00:00 0 
7f2284000000-7f2284021000 rw-p 00000000 00:00 0 
7f2284021000-7f2288000000 ---p 00000000 00:00 0 
7f2288000000-7f2288021000 rw-p 00000000 00:00 0 
7f2288021000-7f228c000000 ---p 00000000 00:00 0 
7f228c000000-7f228c021000 rw-p 00000000 00:00 0 
7f228c021000-7f2290000000 ---p 00000000 00:00 0 
7f2290000000-7f2290021000 rw-p 00000000 00:00 0 
7f2290021000-7f2294000000 ---p 00000000 00:00 0 
7f2294000000-7f2294021000 rw-p 00000000 00:00 0 
7f2294021000-7f2298000000 ---p 00000000 00:00 0 
7f2298000000-7f2298021000 rw-p 00000000 00:00 0 
7f2298021000-7f229c000000 ---p 00000000 00:00 0 
7f229c000000-7f229c021000 rw-p 00000000 00:00 0 
7f229c021000-7f22a0000000 ---p 00000000 00:00 0 
7f22a0000000-7f22a0021000 rw-p 00000000 00:00 0 
7f22a0021000-7f22a4000000 ---p 00000000 00:00 0 
7f22a4000000-7f22a4021000 rw-p 00000000 00:00 0 
7f22a4021000-7f22a8000000 ---p 00000000 00:00 0 
7f22a8000000-7f22a8021000 rw-p 00000000 00:00 0 
7f22a8021000-7f22ac000000 ---p 00000000 00:00 0 
7f22ac000000-7f22ac021000 rw-p 00000000 00:00 0 
7f22ac021000-7f22b0000000 ---p 00000000 00:00 0 
7f22b0000000-7f22b0021000 rw-p 00000000 00:00 0 
7f22b0021000-7f22b4000000 ---p 00000000 00:00 0 
7f22b4000000-7f22b4021000 rw-p 00000000 00:00 0 
7f22b4021000-7f22b8000000 ---p 00000000 00:00 0 
7f22b8000000-7f22b8021000 rw-p 00000000 00:00 0 
7f22b8021000-7f22bc000000 ---p 00000000 00:00 0 
7f22bc000000-7f22bc021000 rw-p 00000000 00:00 0 
7f22bc021000-7f22c0000000 ---p 00000000 00:00 0 
7f22c0000000-7f22c0021000 rw-p 00000000 00:00 0 
7f22c0021000-7f22c4000000 ---p 00000000 00:00 0 
7f22c4000000-7f22c43fa000 rw-p 00000000 00:00 0 
7f22c43fa000-7f22c8000000 ---p 00000000 00:00 0 
7f22c8000000-7f22c8436000 rw-p 00000000 00:00 0 
7f22c8436000-7f22cc000000 ---p 00000000 00:00 0 
7f22cc000000-7f22cc3e3000 rw-p 00000000 00:00 0 
7f22cc3e3000-7f22d0000000 ---p 00000000 00:00 0 
7f22d0000000-7f22d043b000 rw-p 00000000 00:00 0 
7f22d043b000-7f22d4000000 ---p 00000000 00:00 0 
7f22d4000000-7f22d4bf7000 rw-p 00000000 00:00 0 
7f22d4bf7000-7f22d8000000 ---p 00000000 00:00 0 
7f22d8000000-7f22d8e9e000 rw-p 00000000 00:00 0 
7f22d8e9e000-7f22dc000000 ---p 00000000 00:00 0 
7f22dc000000-7f22dce31000 rw-p 00000000 00:00 0 
7f22dce31000-7f22e0000000 ---p 00000000 00:00 0 
7f22e0000000-7f22e1062000 rw-p 00000000 00:00 0 
7f22e1062000-7f22e4000000 ---p 00000000 00:00 0 
7f22e4000000-7f22e4fe0000 rw-p 00000000 00:00 0 
7f22e4fe0000-7f22e8000000 ---p 00000000 00:00 0 
7f22e8000000-7f22e90ca000 rw-p 00000000 00:00 0 
7f22e90ca000-7f22ec000000 ---p 00000000 00:00 0 
7f22ec000000-7f22ecda4000 rw-p 00000000 00:00 0 
7f22ecda4000-7f22f0000000 ---p 00000000 00:00 0 
7f22f0000000-7f22f0c6c000 rw-p 00000000 00:00 0 
7f22f0c6c000-7f22f4000000 ---p 00000000 00:00 0 
7f22f4000000-7f22f4021000 rw-p 00000000 00:00 0 
7f22f4021000-7f22f8000000 ---p 00000000 00:00 0 
7f22f96d5000-7f22f9815000 rw-p 00000000 00:00 0 
7f22f9815000-7f22f98d5000 ---p 00000000 00:00 0 
7f22f98d5000-7f22f98d8000 ---p 00000000 00:00 0 
7f22f98d8000-7f22f99d6000 rw-p 00000000 00:00 0 
7f22f99d6000-7f22f99d9000 ---p 00000000 00:00 0 
7f22f99d9000-7f22f9ad7000 rw-p 00000000 00:00 0 
7f22f9ad7000-7f2300000000 r--p 00000000 08:05 268443110                  /usr/lib/locale/locale-archive
7f2300000000-7f2300021000 rw-p 00000000 00:00 0 
7f2300021000-7f2304000000 ---p 00000000 00:00 0 
7f2304000000-7f2304021000 rw-p 00000000 00:00 0 
7f2304021000-7f2308000000 ---p 00000000 00:00 0 
7f2308000000-7f2308021000 rw-p 00000000 00:00 0 
7f2308021000-7f230c000000 ---p 00000000 00:00 0 
7f230c0f9000-7f230c0fc000 ---p 00000000 00:00 0 
7f230c0fc000-7f230c1fa000 rw-p 00000000 00:00 0 
7f230c1fa000-7f230c1fd000 ---p 00000000 00:00 0 
7f230c1fd000-7f230c2fb000 rw-p 00000000 00:00 0 
7f230c2fb000-7f230c2fe000 ---p 00000000 00:00 0 
7f230c2fe000-7f230c3fc000 rw-p 00000000 00:00 0 
7f230c3fc000-7f230c3ff000 ---p 00000000 00:00 0 
7f230c3ff000-7f230c4fd000 rw-p 00000000 00:00 0 
7f230c4fd000-7f230c500000 ---p 00000000 00:00 0 
7f230c500000-7f230c5fe000 rw-p 00000000 00:00 0 
7f230c5fe000-7f230c601000 ---p 00000000 00:00 0 
7f230c601000-7f230c6ff000 rw-p 00000000 00:00 0 
7f230c6ff000-7f230c702000 ---p 00000000 00:00 0 
7f230c702000-7f230c800000 rw-p 00000000 00:00 0 
7f230c800000-7f230c803000 ---p 00000000 00:00 0 
7f230c803000-7f230c901000 rw-p 00000000 00:00 0 
7f230c901000-7f230c904000 ---p 00000000 00:00 0 
7f230c904000-7f230ca02000 rw-p 00000000 00:00 0 
7f230ca02000-7f230ca05000 ---p 00000000 00:00 0 
7f230ca05000-7f230cb03000 rw-p 00000000 00:00 0 
7f230cb03000-7f230cb06000 ---p 00000000 00:00 0 
7f230cb06000-7f230cc04000 rw-p 00000000 00:00 0 
7f230cc04000-7f230cc07000 ---p 00000000 00:00 0 
7f230cc07000-7f230cd05000 rw-p 00000000 00:00 0 
7f230cd05000-7f230cd08000 ---p 00000000 00:00 0 
7f230cd08000-7f230ce06000 rw-p 00000000 00:00 0 
7f230ce06000-7f230ce09000 ---p 00000000 00:00 0 
7f230ce09000-7f230cf07000 rw-p 00000000 00:00 0 
7f230cf07000-7f230cf0a000 ---p 00000000 00:00 0 
7f230cf0a000-7f230d008000 rw-p 00000000 00:00 0 
7f230d008000-7f230d00b000 ---p 00000000 00:00 0 
7f230d00b000-7f230d109000 rw-p 00000000 00:00 0 
7f230d109000-7f230d10c000 ---p 00000000 00:00 0 
7f230d10c000-7f230d20a000 rw-p 00000000 00:00 0 
7f230d20a000-7f230d20d000 ---p 00000000 00:00 0 
7f230d20d000-7f230d30b000 rw-p 00000000 00:00 0 
7f230d30b000-7f230d30e000 ---p 00000000 00:00 0 
7f230d30e000-7f230d40c000 rw-p 00000000 00:00 0 
7f230d40c000-7f230d40f000 ---p 00000000 00:00 0 
7f230d40f000-7f230d50d000 rw-p 00000000 00:00 0 
7f230d50d000-7f230d510000 ---p 00000000 00:00 0 
7f230d510000-7f230d60e000 rw-p 00000000 00:00 0 
7f230d60e000-7f230d611000 ---p 00000000 00:00 0 
7f230d611000-7f230d70f000 rw-p 00000000 00:00 0 
7f230d70f000-7f230d712000 ---p 00000000 00:00 0 
7f230d712000-7f230d810000 rw-p 00000000 00:00 0 
7f230d810000-7f230d813000 ---p 00000000 00:00 0 
7f230d813000-7f230db11000 rw-p 00000000 00:00 0 
7f230db11000-7f230dd11000 rw-p 00000000 00:00 0 
7f230dd11000-7f230df11000 rw-p 00000000 00:00 0 
7f230df11000-7f230e111000 rw-p 00000000 00:00 0 
7f230e111000-7f230e311000 rw-p 00000000 00:00 0 
7f230e311000-7f230e511000 rw-p 00000000 00:00 0 
7f230e511000-7f230e516000 r--s 000b6000 08:05 805910546                  /usr/lib/jvm/java-1.8.0-openjdk-1.8.0.161-0.b14.el7_4.x86_64/jre/lib/jsse.jar
7f230e516000-7f230e716000 rw-p 00000000 00:00 0 
7f230e716000-7f230e71a000 r--s 00041000 00:2c 261652705                  /home/ljundt/.m2/repository/com/fasterxml/jackson/core/jackson-core/2.8.6/jackson-core-2.8.6.jar
7f230e71a000-7f230e738000 r--s 00180000 00:2c 261652706                  /home/ljundt/.m2/repository/org/apache/commons/commons-math3/3.2/commons-math3-3.2.jar
7f230e738000-7f230e938000 rw-p 00000000 00:00 0 
7f230e938000-7f230e97b000 r--s 00332000 00:2c 261652703                  /home/ljundt/.m2/repository/org/clojure/clojure/1.8.0/clojure-1.8.0.jar
7f230e97b000-7f230e97c000 ---p 00000000 00:00 0 
7f230e97c000-7f230ea7c000 rw-p 00000000 00:00 0 
7f230ea7c000-7f230ea7f000 ---p 00000000 00:00 0 
7f230ea7f000-7f230eb7d000 rw-p 00000000 00:00 0 
7f230eb7d000-7f230eb80000 ---p 00000000 00:00 0 
7f230eb80000-7f230ec7e000 rw-p 00000000 00:00 0 
7f230ec7e000-7f230ec81000 ---p 00000000 00:00 0 
7f230ec81000-7f230ed7f000 rw-p 00000000 00:00 0 
7f230ed7f000-7f230ed82000 ---p 00000000 00:00 0 
7f230ed82000-7f230ee80000 rw-p 00000000 00:00 0 
7f230ee80000-7f230ee83000 ---p 00000000 00:00 0 
7f230ee83000-7f230ef81000 rw-p 00000000 00:00 0 
7f230ef81000-7f230ef84000 ---p 00000000 00:00 0 
7f230ef84000-7f230f082000 rw-p 00000000 00:00 0 
7f230f082000-7f230f085000 ---p 00000000 00:00 0 
7f230f085000-7f230f183000 rw-p 00000000 00:00 0 
7f230f183000-7f230f186000 ---p 00000000 00:00 0 
7f230f186000-7f230f284000 rw-p 00000000 00:00 0 
7f230f284000-7f230f287000 ---p 00000000 00:00 0 
7f230f287000-7f230f385000 rw-p 00000000 00:00 0 
7f230f385000-7f230f388000 ---p 00000000 00:00 0 
7f230f388000-7f230f486000 rw-p 00000000 00:00 0 
7f230f486000-7f230f489000 ---p 00000000 00:00 0 
7f230f489000-7f230f587000 rw-p 00000000 00:00 0 
7f230f587000-7f230f58a000 ---p 00000000 00:00 0 
7f230f58a000-7f230f688000 rw-p 00000000 00:00 0 
7f230f688000-7f230f68b000 ---p 00000000 00:00 0 
7f230f68b000-7f230f789000 rw-p 00000000 00:00 0 
7f230f789000-7f230f78c000 ---p 00000000 00:00 0 
7f230f78c000-7f230f88a000 rw-p 00000000 00:00 0 
7f230f88a000-7f230f88d000 ---p 00000000 00:00 0 
7f230f88d000-7f230f98b000 rw-p 00000000 00:00 0 
7f230f98b000-7f230f98e000 ---p 00000000 00:00 0 
7f230f98e000-7f230fa8c000 rw-p 00000000 00:00 0 
7f230fa8c000-7f230fa8d000 ---p 00000000 00:00 0 
7f230fa8d000-7f2313631000 rw-p 00000000 00:00 0 
7f2313631000-7f2313800000 r--s 04409000 08:05 805910557                  /usr/lib/jvm/java-1.8.0-openjdk-1.8.0.161-0.b14.el7_4.x86_64/jre/lib/rt.jar
7f2313800000-7f233c000000 rw-p 00000000 00:00 0 
7f233c000000-7f233c021000 rw-p 00000000 00:00 0 
7f233c021000-7f2340000000 ---p 00000000 00:00 0 
7f2340000000-7f2340021000 rw-p 00000000 00:00 0 
7f2340021000-7f2344000000 ---p 00000000 00:00 0 
7f2344000000-7f2344021000 rw-p 00000000 00:00 0 
7f2344021000-7f2348000000 ---p 00000000 00:00 0 
7f2348000000-7f2348021000 rw-p 00000000 00:00 0 
7f2348021000-7f234c000000 ---p 00000000 00:00 0 
7f234c000000-7f234c021000 rw-p 00000000 00:00 0 
7f234c021000-7f2350000000 ---p 00000000 00:00 0 
7f2350000000-7f2350021000 rw-p 00000000 00:00 0 
7f2350021000-7f2354000000 ---p 00000000 00:00 0 
7f2354000000-7f2354021000 rw-p 00000000 00:00 0 
7f2354021000-7f2358000000 ---p 00000000 00:00 0 
7f2358000000-7f2358021000 rw-p 00000000 00:00 0 
7f2358021000-7f235c000000 ---p 00000000 00:00 0 
7f235c000000-7f235c021000 rw-p 00000000 00:00 0 
7f235c021000-7f2360000000 ---p 00000000 00:00 0 
7f2360000000-7f2360021000 rw-p 00000000 00:00 0 
7f2360021000-7f2364000000 ---p 00000000 00:00 0 
7f2364000000-7f2364021000 rw-p 00000000 00:00 0 
7f2364021000-7f2368000000 ---p 00000000 00:00 0 
7f2368000000-7f2368021000 rw-p 00000000 00:00 0 
7f2368021000-7f236c000000 ---p 00000000 00:00 0 
7f236c000000-7f236c021000 rw-p 00000000 00:00 0 
7f236c021000-7f2370000000 ---p 00000000 00:00 0 
7f2370000000-7f2370021000 rw-p 00000000 00:00 0 
7f2370021000-7f2374000000 ---p 00000000 00:00 0 
7f2374000000-7f2374021000 rw-p 00000000 00:00 0 
7f2374021000-7f2378000000 ---p 00000000 00:00 0 
7f2378000000-7f2378021000 rw-p 00000000 00:00 0 
7f2378021000-7f237c000000 ---p 00000000 00:00 0 
7f237c000000-7f237c021000 rw-p 00000000 00:00 0 
7f237c021000-7f2380000000 ---p 00000000 00:00 0 
7f2380000000-7f2380021000 rw-p 00000000 00:00 0 
7f2380021000-7f2384000000 ---p 00000000 00:00 0 
7f2384003000-7f2386a59000 rw-p 00000000 00:00 0 
7f2386a59000-7f2386a5a000 ---p 00000000 00:00 0 
7f2386a5a000-7f2386b5a000 rw-p 00000000 00:00 0 
7f2386b5a000-7f2386b5b000 ---p 00000000 00:00 0 
7f2386b5b000-7f2386c5b000 rw-p 00000000 00:00 0 
7f2386c5b000-7f2386c5c000 ---p 00000000 00:00 0 
7f2386c5c000-7f2386d5c000 rw-p 00000000 00:00 0 
7f2386d5c000-7f2386d5d000 ---p 00000000 00:00 0 
7f2386d5d000-7f2386e5d000 rw-p 00000000 00:00 0 
7f2386e5d000-7f2386e5e000 ---p 00000000 00:00 0 
7f2386e5e000-7f2386f5e000 rw-p 00000000 00:00 0 
7f2386f5e000-7f2386f5f000 ---p 00000000 00:00 0 
7f2386f5f000-7f238705f000 rw-p 00000000 00:00 0 
7f238705f000-7f2387060000 ---p 00000000 00:00 0 
7f2387060000-7f2387160000 rw-p 00000000 00:00 0 
7f2387160000-7f2387161000 ---p 00000000 00:00 0 
7f2387161000-7f2387261000 rw-p 00000000 00:00 0 
7f2387261000-7f2387262000 ---p 00000000 00:00 0 
7f2387262000-7f2387362000 rw-p 00000000 00:00 0 
7f2387362000-7f2387363000 ---p 00000000 00:00 0 
7f2387363000-7f2387463000 rw-p 00000000 00:00 0 
7f2387463000-7f2387464000 ---p 00000000 00:00 0 
7f2387464000-7f2387564000 rw-p 00000000 00:00 0 
7f2387564000-7f2387565000 ---p 00000000 00:00 0 
7f2387565000-7f2387665000 rw-p 00000000 00:00 0 
7f2387665000-7f2387666000 ---p 00000000 00:00 0 
7f2387666000-7f2387766000 rw-p 00000000 00:00 0 
7f2387766000-7f2387767000 ---p 00000000 00:00 0 
7f2387767000-7f2387867000 rw-p 00000000 00:00 0 
7f2387867000-7f2387868000 ---p 00000000 00:00 0 
7f2387868000-7f2387968000 rw-p 00000000 00:00 0 
7f2387968000-7f2387969000 ---p 00000000 00:00 0 
7f2387969000-7f2387a69000 rw-p 00000000 00:00 0 
7f2387a69000-7f2387a6a000 ---p 00000000 00:00 0 
7f2387a6a000-7f238be69000 rw-p 00000000 00:00 0 
7f238be69000-7f238c1d6000 ---p 00000000 00:00 0 
7f238c1d6000-7f238d666000 rwxp 00000000 00:00 0 
7f238d666000-7f239b1d6000 ---p 00000000 00:00 0 
7f239b1d6000-7f239b1de000 r-xp 00000000 08:05 805910538                  /usr/lib/jvm/java-1.8.0-openjdk-1.8.0.161-0.b14.el7_4.x86_64/jre/lib/amd64/libzip.so
7f239b1de000-7f239b3dd000 ---p 00008000 08:05 805910538                  /usr/lib/jvm/java-1.8.0-openjdk-1.8.0.161-0.b14.el7_4.x86_64/jre/lib/amd64/libzip.so
7f239b3dd000-7f239b3de000 r--p 00007000 08:05 805910538                  /usr/lib/jvm/java-1.8.0-openjdk-1.8.0.161-0.b14.el7_4.x86_64/jre/lib/amd64/libzip.so
7f239b3de000-7f239b3df000 rw-p 00008000 08:05 805910538                  /usr/lib/jvm/java-1.8.0-openjdk-1.8.0.161-0.b14.el7_4.x86_64/jre/lib/amd64/libzip.so
7f239b3df000-7f239bbe4000 r--s 00000000 08:03 16815316                   /var/lib/sss/mc/passwd
7f239bbe4000-7f239bbec000 r-xp 00000000 08:05 806257212                  /usr/lib64/libnss_sss.so.2
7f239bbec000-7f239bdeb000 ---p 00008000 08:05 806257212                  /usr/lib64/libnss_sss.so.2
7f239bdeb000-7f239bdec000 r--p 00007000 08:05 806257212                  /usr/lib64/libnss_sss.so.2
7f239bdec000-7f239bded000 rw-p 00008000 08:05 806257212                  /usr/lib64/libnss_sss.so.2
7f239bded000-7f239bdf9000 r-xp 00000000 08:05 805313913                  /usr/lib64/libnss_files-2.17.so
7f239bdf9000-7f239bff8000 ---p 0000c000 08:05 805313913                  /usr/lib64/libnss_files-2.17.so
7f239bff8000-7f239bff9000 r--p 0000b000 08:05 805313913                  /usr/lib64/libnss_files-2.17.so
7f239bff9000-7f239bffa000 rw-p 0000c000 08:05 805313913                  /usr/lib64/libnss_files-2.17.so
7f239bffa000-7f239c000000 rw-p 00000000 00:00 0 
7f239c000000-7f239cf8d000 rw-p 00000000 00:00 0 
7f239cf8d000-7f23a0000000 ---p 00000000 00:00 0 
7f23a0001000-7f23a0002000 r--s 00001000 00:2c 261652543                  /home/ljundt/.m2/repository/org/tcrawley/dynapath/0.2.5/dynapath-0.2.5.jar
7f23a0002000-7f23a0004000 r--s 00000000 00:2c 261652733                  /home/ljundt/.m2/repository/net/totakke/libra/0.1.0/libra-0.1.0.jar
7f23a0004000-7f23a0006000 r--s 00011000 00:2c 261652707                  /home/ljundt/.m2/repository/com/fasterxml/jackson/dataformat/jackson-dataformat-smile/2.8.6/jackson-dataformat-smile-2.8.6.jar
7f23a0006000-7f23a0007000 r--s 00001000 00:2c 261652702                  /home/ljundt/.m2/repository/org/clojure/data.json/0.2.6/data.json-0.2.6.jar
7f23a0007000-7f23a0009000 r--s 0000b000 00:2c 261652721                  /home/ljundt/.m2/repository/kephale/uncommons-maths/1.2.3/uncommons-maths-1.2.3.jar
7f23a0009000-7f23a00c1000 rw-p 00000000 00:00 0 
7f23a00c1000-7f23a00c2000 ---p 00000000 00:00 0 
7f23a00c2000-7f23a01c2000 rw-p 00000000 00:00 0 
7f23a01c2000-7f23a01f0000 r-xp 00000000 08:05 805910520                  /usr/lib/jvm/java-1.8.0-openjdk-1.8.0.161-0.b14.el7_4.x86_64/jre/lib/amd64/libjava.so
7f23a01f0000-7f23a03ef000 ---p 0002e000 08:05 805910520                  /usr/lib/jvm/java-1.8.0-openjdk-1.8.0.161-0.b14.el7_4.x86_64/jre/lib/amd64/libjava.so
7f23a03ef000-7f23a03f0000 r--p 0002d000 08:05 805910520                  /usr/lib/jvm/java-1.8.0-openjdk-1.8.0.161-0.b14.el7_4.x86_64/jre/lib/amd64/libjava.so
7f23a03f0000-7f23a03f2000 rw-p 0002e000 08:05 805910520                  /usr/lib/jvm/java-1.8.0-openjdk-1.8.0.161-0.b14.el7_4.x86_64/jre/lib/amd64/libjava.so
7f23a03f2000-7f23a03ff000 r-xp 00000000 08:05 805910537                  /usr/lib/jvm/java-1.8.0-openjdk-1.8.0.161-0.b14.el7_4.x86_64/jre/lib/amd64/libverify.so
7f23a03ff000-7f23a05fe000 ---p 0000d000 08:05 805910537                  /usr/lib/jvm/java-1.8.0-openjdk-1.8.0.161-0.b14.el7_4.x86_64/jre/lib/amd64/libverify.so
7f23a05fe000-7f23a0600000 r--p 0000c000 08:05 805910537                  /usr/lib/jvm/java-1.8.0-openjdk-1.8.0.161-0.b14.el7_4.x86_64/jre/lib/amd64/libverify.so
7f23a0600000-7f23a0601000 rw-p 0000e000 08:05 805910537                  /usr/lib/jvm/java-1.8.0-openjdk-1.8.0.161-0.b14.el7_4.x86_64/jre/lib/amd64/libverify.so
7f23a0601000-7f23a0608000 r-xp 00000000 08:05 805313927                  /usr/lib64/librt-2.17.so
7f23a0608000-7f23a0807000 ---p 00007000 08:05 805313927                  /usr/lib64/librt-2.17.so
7f23a0807000-7f23a0808000 r--p 00006000 08:05 805313927                  /usr/lib64/librt-2.17.so
7f23a0808000-7f23a0809000 rw-p 00007000 08:05 805313927                  /usr/lib64/librt-2.17.so
7f23a0809000-7f23a081e000 r-xp 00000000 08:05 806604157                  /usr/lib64/libgcc_s-4.8.5-20150702.so.1
7f23a081e000-7f23a0a1d000 ---p 00015000 08:05 806604157                  /usr/lib64/libgcc_s-4.8.5-20150702.so.1
7f23a0a1d000-7f23a0a1e000 r--p 00014000 08:05 806604157                  /usr/lib64/libgcc_s-4.8.5-20150702.so.1
7f23a0a1e000-7f23a0a1f000 rw-p 00015000 08:05 806604157                  /usr/lib64/libgcc_s-4.8.5-20150702.so.1
7f23a0a1f000-7f23a0b20000 r-xp 00000000 08:05 805313897                  /usr/lib64/libm-2.17.so
7f23a0b20000-7f23a0d1f000 ---p 00101000 08:05 805313897                  /usr/lib64/libm-2.17.so
7f23a0d1f000-7f23a0d20000 r--p 00100000 08:05 805313897                  /usr/lib64/libm-2.17.so
7f23a0d20000-7f23a0d21000 rw-p 00101000 08:05 805313897                  /usr/lib64/libm-2.17.so
7f23a0d21000-7f23a0e0a000 r-xp 00000000 08:05 805313947                  /usr/lib64/libstdc++.so.6.0.19
7f23a0e0a000-7f23a100a000 ---p 000e9000 08:05 805313947                  /usr/lib64/libstdc++.so.6.0.19
7f23a100a000-7f23a1012000 r--p 000e9000 08:05 805313947                  /usr/lib64/libstdc++.so.6.0.19
7f23a1012000-7f23a1014000 rw-p 000f1000 08:05 805313947                  /usr/lib64/libstdc++.so.6.0.19
7f23a1014000-7f23a1029000 rw-p 00000000 00:00 0 
7f23a1029000-7f23a1cef000 r-xp 00000000 08:05 538084137                  /usr/lib/jvm/java-1.8.0-openjdk-1.8.0.161-0.b14.el7_4.x86_64/jre/lib/amd64/server/libjvm.so
7f23a1cef000-7f23a1eee000 ---p 00cc6000 08:05 538084137                  /usr/lib/jvm/java-1.8.0-openjdk-1.8.0.161-0.b14.el7_4.x86_64/jre/lib/amd64/server/libjvm.so
7f23a1eee000-7f23a1f99000 r--p 00cc5000 08:05 538084137                  /usr/lib/jvm/java-1.8.0-openjdk-1.8.0.161-0.b14.el7_4.x86_64/jre/lib/amd64/server/libjvm.so
7f23a1f99000-7f23a1fc2000 rw-p 00d70000 08:05 538084137                  /usr/lib/jvm/java-1.8.0-openjdk-1.8.0.161-0.b14.el7_4.x86_64/jre/lib/amd64/server/libjvm.so
7f23a1fc2000-7f23a1ff5000 rw-p 00000000 00:00 0 
7f23a1ff5000-7f23a21ad000 r-xp 00000000 08:05 805307148                  /usr/lib64/libc-2.17.so
7f23a21ad000-7f23a23ad000 ---p 001b8000 08:05 805307148                  /usr/lib64/libc-2.17.so
7f23a23ad000-7f23a23b1000 r--p 001b8000 08:05 805307148                  /usr/lib64/libc-2.17.so
7f23a23b1000-7f23a23b3000 rw-p 001bc000 08:05 805307148                  /usr/lib64/libc-2.17.so
7f23a23b3000-7f23a23b8000 rw-p 00000000 00:00 0 
7f23a23b8000-7f23a23ba000 r-xp 00000000 08:05 805307155                  /usr/lib64/libdl-2.17.so
7f23a23ba000-7f23a25ba000 ---p 00002000 08:05 805307155                  /usr/lib64/libdl-2.17.so
7f23a25ba000-7f23a25bb000 r--p 00002000 08:05 805307155                  /usr/lib64/libdl-2.17.so
7f23a25bb000-7f23a25bc000 rw-p 00003000 08:05 805307155                  /usr/lib64/libdl-2.17.so
7f23a25bc000-7f23a25ca000 r-xp 00000000 08:05 269674458                  /usr/lib/jvm/java-1.8.0-openjdk-1.8.0.161-0.b14.el7_4.x86_64/jre/lib/amd64/jli/libjli.so
7f23a25ca000-7f23a27c9000 ---p 0000e000 08:05 269674458                  /usr/lib/jvm/java-1.8.0-openjdk-1.8.0.161-0.b14.el7_4.x86_64/jre/lib/amd64/jli/libjli.so
7f23a27c9000-7f23a27ca000 r--p 0000d000 08:05 269674458                  /usr/lib/jvm/java-1.8.0-openjdk-1.8.0.161-0.b14.el7_4.x86_64/jre/lib/amd64/jli/libjli.so
7f23a27ca000-7f23a27cb000 rw-p 0000e000 08:05 269674458                  /usr/lib/jvm/java-1.8.0-openjdk-1.8.0.161-0.b14.el7_4.x86_64/jre/lib/amd64/jli/libjli.so
7f23a27cb000-7f23a27e0000 r-xp 00000000 08:05 805313993                  /usr/lib64/libz.so.1.2.7
7f23a27e0000-7f23a29df000 ---p 00015000 08:05 805313993                  /usr/lib64/libz.so.1.2.7
7f23a29df000-7f23a29e0000 r--p 00014000 08:05 805313993                  /usr/lib64/libz.so.1.2.7
7f23a29e0000-7f23a29e1000 rw-p 00015000 08:05 805313993                  /usr/lib64/libz.so.1.2.7
7f23a29e1000-7f23a29f8000 r-xp 00000000 08:05 805313923                  /usr/lib64/libpthread-2.17.so
7f23a29f8000-7f23a2bf7000 ---p 00017000 08:05 805313923                  /usr/lib64/libpthread-2.17.so
7f23a2bf7000-7f23a2bf8000 r--p 00016000 08:05 805313923                  /usr/lib64/libpthread-2.17.so
7f23a2bf8000-7f23a2bf9000 rw-p 00017000 08:05 805313923                  /usr/lib64/libpthread-2.17.so
7f23a2bf9000-7f23a2bfd000 rw-p 00000000 00:00 0 
7f23a2bfd000-7f23a2c1e000 r-xp 00000000 08:05 806604191                  /usr/lib64/ld-2.17.so
7f23a2c1e000-7f23a2c1f000 r--s 00000000 00:2c 261652723                  /home/ljundt/.m2/repository/de/kotka/lazymap/3.1.0/lazymap-3.1.0.jar
7f23a2c1f000-7f23a2c21000 r--s 00005000 00:2c 261652724                  /home/ljundt/.m2/repository/cheshire/cheshire/5.7.1/cheshire-5.7.1.jar
7f23a2c21000-7f23a2c22000 r--s 00000000 00:2c 261652716                  /home/ljundt/.m2/repository/clj-random/clj-random/0.1.7/clj-random-0.1.7.jar
7f23a2c22000-7f23a2c23000 r--s 00000000 00:2c 261652714                  /home/ljundt/.m2/repository/local-file/local-file/0.1.0/local-file-0.1.0.jar
7f23a2c23000-7f23a2c25000 r--s 00000000 00:2c 261652696                  /home/ljundt/.m2/repository/org/clojure/math.numeric-tower/0.0.4/math.numeric-tower-0.0.4.jar
7f23a2c25000-7f23a2c27000 r--s 00009000 00:2c 261652541                  /home/ljundt/.m2/repository/org/clojure/tools.nrepl/0.2.13/tools.nrepl-0.2.13.jar
7f23a2c27000-7f23a2c29000 r--s 0000b000 00:2c 261652708                  /home/ljundt/.m2/repository/com/fasterxml/jackson/dataformat/jackson-dataformat-cbor/2.8.6/jackson-dataformat-cbor-2.8.6.jar
7f23a2c29000-7f23a2c32000 r--s 0004e000 00:2c 261652549                  /home/ljundt/.m2/repository/cider/cider-nrepl/0.15.1/cider-nrepl-0.15.1.jar
7f23a2c32000-7f23a2c33000 r--s 00001000 00:2c 261652715                  /home/ljundt/.m2/repository/clojure-csv/clojure-csv/2.0.1/clojure-csv-2.0.1.jar
7f23a2c33000-7f23a2c35000 r--s 00008000 00:2c 261652717                  /home/ljundt/.m2/repository/org/clojars/etosch/cosmos/1.0.0/cosmos-1.0.0.jar
7f23a2c35000-7f23a2c37000 r--s 0000c000 00:2c 261652725                  /home/ljundt/.m2/repository/prismatic/plumbing/0.5.4/plumbing-0.5.4.jar
7f23a2c37000-7f23a2c38000 r--s 00000000 00:2c 261652697                  /home/ljundt/.m2/repository/org/clojure/data.csv/0.1.3/data.csv-0.1.3.jar
7f23a2c38000-7f23a2c39000 r--s 0000f000 00:2c 261652726                  /home/ljundt/.m2/repository/prismatic/schema/1.0.1/schema-1.0.1.jar
7f23a2c39000-7f23a2c3a000 r--s 00009000 00:2c 261652729                  /home/ljundt/.m2/repository/criterium/criterium/0.4.4/criterium-0.4.4.jar
7f23a2c3a000-7f23a2c3b000 r--s 00001000 00:2c 261625873                  /home/ljundt/.m2/repository/tigris/tigris/0.1.1/tigris-0.1.1.jar
7f23a2c3b000-7f23a2c3c000 r--s 00002000 00:2c 261652698                  /home/ljundt/.m2/repository/org/clojure/math.combinatorics/0.1.1/math.combinatorics-0.1.1.jar
7f23a2c3c000-7f23a2d0d000 rw-p 00000000 00:00 0 
7f23a2d0d000-7f23a2d15000 rw-s 00000000 08:05 537958699                  /tmp/hsperfdata_ljundt/29927
7f23a2d15000-7f23a2d16000 rw-p 00000000 00:00 0 
7f23a2d16000-7f23a2d17000 r--p 00000000 00:00 0 
7f23a2d17000-7f23a2d1a000 ---p 00000000 00:00 0 
7f23a2d1a000-7f23a2e1e000 rw-p 00000000 00:00 0 
7f23a2e1e000-7f23a2e1f000 r--p 00021000 08:05 806604191                  /usr/lib64/ld-2.17.so
7f23a2e1f000-7f23a2e20000 rw-p 00022000 08:05 806604191                  /usr/lib64/ld-2.17.so
7f23a2e20000-7f23a2e21000 rw-p 00000000 00:00 0 
7ffc255ab000-7ffc255cd000 rw-p 00000000 00:00 0                          [stack]
7ffc255e3000-7ffc255e5000 r-xp 00000000 00:00 0                          [vdso]
ffffffffff600000-ffffffffff601000 r-xp 00000000 00:00 0                  [vsyscall]

VM Arguments:
jvm_args: -Dfile.encoding=UTF-8 -Xmx20g -Xms20g -XX:+UseParallelGC -Dclojure.compile.path=/home/ljundt/Clojush/target/classes -Dclojush.version=3.9.0-1-SNAPSHOT -Dclojure.debug=false 
java_command: clojure.main -i /tmp/form-init107422557061592824.clj
java_class_path (initial): /home/ljundt/Clojush/test:/home/ljundt/Clojush/src:/home/ljundt/Clojush/resources:/home/ljundt/Clojush/target/classes:/home/ljundt/.m2/repository/org/clojure/math.combinatorics/0.1.1/math.combinatorics-0.1.1.jar:/home/ljundt/.m2/repository/org/clojure/clojure/1.8.0/clojure-1.8.0.jar:/home/ljundt/.m2/repository/tigris/tigris/0.1.1/tigris-0.1.1.jar:/home/ljundt/.m2/repository/criterium/criterium/0.4.4/criterium-0.4.4.jar:/home/ljundt/.m2/repository/prismatic/schema/1.0.1/schema-1.0.1.jar:/home/ljundt/.m2/repository/org/clojure/data.csv/0.1.3/data.csv-0.1.3.jar:/home/ljundt/.m2/repository/prismatic/plumbing/0.5.4/plumbing-0.5.4.jar:/home/ljundt/.m2/repository/org/clojars/etosch/cosmos/1.0.0/cosmos-1.0.0.jar:/home/ljundt/.m2/repository/clojure-csv/clojure-csv/2.0.1/clojure-csv-2.0.1.jar:/home/ljundt/.m2/repository/cider/cider-nrepl/0.15.1/cider-nrepl-0.15.1.jar:/home/ljundt/.m2/repository/com/fasterxml/jackson/dataformat/jackson-dataformat-cbor/2.8.6/jackson-dataformat-cbor-2.8.6.jar:/home/ljundt/.m2/repository/org/clojure/tools.nrepl/0.2.13/tools.nrepl-0.2.13.jar:/home/ljundt/.m2/repository/org/clojure/math.numeric-tower/0.0.4/math.numeric-tower-0.0.4.jar:/home/ljundt/.m2/repository/local-file/local-file/0.1.0/local-file-0.1.0.jar:/home/ljundt/.m2/repository/clj-random/clj-random/0.1.7/clj-random-0.1.7.jar:/home/ljundt/.m2/repository/cheshire/cheshire/5.7.1/cheshire-5.7.1.jar:/home/ljundt/.m2/repository/kephale/uncommons-maths/1.2.3/uncommons-maths-1.2.3.jar:/home/ljundt/.m2/repository/de/kotka/lazymap/3.1.0/lazymap-3.1.0.jar:/home/ljundt/.m2/repository/org/clojure/data.json/0.2.6/data.json-0.2.6.jar:/home/ljundt/.m2/repository/com/fasterxml/jackson/dataformat/jackson-dataformat-smile/2.8.6/jackson-dataformat-smile-2.8.6.jar:/home/ljundt/.m2/repository/net/totakke/libra/0.1.0/libra-0.1.0.jar:/home/ljundt/.m2/repository/org/tcrawley/dynapath/0.2.5/dynapath-0.2.5.jar:/home/ljundt/.m2/repository/org/apache/commons/commons-math3/3.2/commons-mat
Launcher Type: SUN_STANDARD

Environment Variables:
CLASSPATH=/home/ljundt/.lein/self-installs/leiningen-2.7.1-standalone.jar
PATH=/sbin:/bin:/usr/local/bin:/usr/bin:/usr/sbin:/usr/X11R6/bin:/usr/local/sbin:/usr/bin/X11:/usr/local/global/bin:/usr/local/global/sbin:/usr/kerberos/bin/:/home/ljundt/bin:/opt/ibutils/bin:/home/ljundt/.local/bin:/home/ljundt/bin
LD_LIBRARY_PATH=/lib:/usr/lib:/usr/local/lib:/usr/local/lib/X11:/usr/local/global/lib:/usr/lib64:/home/ljundt/lib:/home/ljundt/lib64
SHELL=/bin/bash
DISPLAY=localhost:10.0
OSTYPE=Linux
ARCH=x86_64

Signal Handlers:
SIGSEGV: [libjvm.so+0xab4fe0], sa_mask[0]=11111111011111111101111111111110, sa_flags=SA_RESTART|SA_SIGINFO
SIGBUS: [libjvm.so+0xab4fe0], sa_mask[0]=11111111011111111101111111111110, sa_flags=SA_RESTART|SA_SIGINFO
SIGFPE: [libjvm.so+0x8ac640], sa_mask[0]=11111111011111111101111111111110, sa_flags=SA_RESTART|SA_SIGINFO
SIGPIPE: [libjvm.so+0x8ac640], sa_mask[0]=11111111011111111101111111111110, sa_flags=SA_RESTART|SA_SIGINFO
SIGXFSZ: [libjvm.so+0x8ac640], sa_mask[0]=11111111011111111101111111111110, sa_flags=SA_RESTART|SA_SIGINFO
SIGILL: [libjvm.so+0x8ac640], sa_mask[0]=11111111011111111101111111111110, sa_flags=SA_RESTART|SA_SIGINFO
SIGUSR1: SIG_DFL, sa_mask[0]=00000000000000000000000000000000, sa_flags=none
SIGUSR2: [libjvm.so+0x8ac4f0], sa_mask[0]=00000000000000000000000000000000, sa_flags=SA_RESTART|SA_SIGINFO
SIGHUP: [libjvm.so+0x8ac700], sa_mask[0]=11111111011111111101111111111110, sa_flags=SA_RESTART|SA_SIGINFO
SIGINT: [libjvm.so+0x8ac700], sa_mask[0]=11111111011111111101111111111110, sa_flags=SA_RESTART|SA_SIGINFO
SIGTERM: [libjvm.so+0x8ac700], sa_mask[0]=11111111011111111101111111111110, sa_flags=SA_RESTART|SA_SIGINFO
SIGQUIT: [libjvm.so+0x8ac700], sa_mask[0]=11111111011111111101111111111110, sa_flags=SA_RESTART|SA_SIGINFO


---------------  S Y S T E M  ---------------

OS:Linux
uname:Linux 3.10.0-693.11.6.el7.x86_64 #1 SMP Thu Jan 4 01:06:37 UTC 2018 x86_64
libc:glibc 2.17 NPTL 2.17 
rlimit: STACK 8192k, CORE 0k, NPROC 95674, NOFILE 4096, AS infinity
load average:20.19 17.48 17.50

/proc/meminfo:
MemTotal:       24512716 kB
MemFree:        16100552 kB
MemAvailable:   16125612 kB
Buffers:            2096 kB
Cached:           332864 kB
SwapCached:            0 kB
Active:          7601936 kB
Inactive:         147492 kB
Active(anon):    7451264 kB
Inactive(anon):    17572 kB
Active(file):     150672 kB
Inactive(file):   129920 kB
Unevictable:      138296 kB
Mlocked:          138296 kB
SwapTotal:       4194300 kB
SwapFree:        4194300 kB
Dirty:                52 kB
Writeback:             0 kB
AnonPages:       7552992 kB
Mapped:            86212 kB
Shmem:             17076 kB
Slab:             142016 kB
SReclaimable:      88300 kB
SUnreclaim:        53716 kB
KernelStack:        6624 kB
PageTables:        22664 kB
NFS_Unstable:         16 kB
Bounce:                0 kB
WritebackTmp:          0 kB
CommitLimit:    16450656 kB
Committed_AS:   22412936 kB
VmallocTotal:   34359738367 kB
VmallocUsed:      339768 kB
VmallocChunk:   34346166268 kB
HardwareCorrupted:     0 kB
AnonHugePages:   7254016 kB
HugePages_Total:       0
HugePages_Free:        0
HugePages_Rsvd:        0
HugePages_Surp:        0
Hugepagesize:       2048 kB
DirectMap4k:      157056 kB
DirectMap2M:     5076992 kB
DirectMap1G:    22020096 kB


CPU:total 24 (initial active 24) (6 cores per cpu, 2 threads per core) family 6 model 44 stepping 2, cmov, cx8, fxsr, mmx, sse, sse2, sse3, ssse3, sse4.1, sse4.2, popcnt, ht, tsc, tscinvbit, tscinv

/proc/cpuinfo:
processor	: 0
vendor_id	: GenuineIntel
cpu family	: 6
model		: 44
model name	: Intel(R) Xeon(R) CPU           X5650  @ 2.67GHz
stepping	: 2
microcode	: 0x13
cpu MHz		: 2668.000
cache size	: 12288 KB
physical id	: 0
siblings	: 12
core id		: 0
cpu cores	: 6
apicid		: 0
initial apicid	: 0
fpu		: yes
fpu_exception	: yes
cpuid level	: 11
wp		: yes
flags		: fpu vme de pse tsc msr pae mce cx8 apic sep mtrr pge mca cmov pat pse36 clflush dts acpi mmx fxsr sse sse2 ss ht tm pbe syscall nx pdpe1gb rdtscp lm constant_tsc arch_perfmon pebs bts rep_good nopl xtopology nonstop_tsc aperfmperf pni dtes64 monitor ds_cpl vmx smx est tm2 ssse3 cx16 xtpr pdcm pcid dca sse4_1 sse4_2 popcnt lahf_lm epb tpr_shadow vnmi flexpriority ept vpid dtherm ida arat
bogomips	: 5333.77
clflush size	: 64
cache_alignment	: 64
address sizes	: 40 bits physical, 48 bits virtual
power management:

processor	: 1
vendor_id	: GenuineIntel
cpu family	: 6
model		: 44
model name	: Intel(R) Xeon(R) CPU           X5650  @ 2.67GHz
stepping	: 2
microcode	: 0x13
cpu MHz		: 2668.000
cache size	: 12288 KB
physical id	: 0
siblings	: 12
core id		: 1
cpu cores	: 6
apicid		: 2
initial apicid	: 2
fpu		: yes
fpu_exception	: yes
cpuid level	: 11
wp		: yes
flags		: fpu vme de pse tsc msr pae mce cx8 apic sep mtrr pge mca cmov pat pse36 clflush dts acpi mmx fxsr sse sse2 ss ht tm pbe syscall nx pdpe1gb rdtscp lm constant_tsc arch_perfmon pebs bts rep_good nopl xtopology nonstop_tsc aperfmperf pni dtes64 monitor ds_cpl vmx smx est tm2 ssse3 cx16 xtpr pdcm pcid dca sse4_1 sse4_2 popcnt lahf_lm epb tpr_shadow vnmi flexpriority ept vpid dtherm ida arat
bogomips	: 5333.77
clflush size	: 64
cache_alignment	: 64
address sizes	: 40 bits physical, 48 bits virtual
power management:

processor	: 2
vendor_id	: GenuineIntel
cpu family	: 6
model		: 44
model name	: Intel(R) Xeon(R) CPU           X5650  @ 2.67GHz
stepping	: 2
microcode	: 0x13
cpu MHz		: 2000.000
cache size	: 12288 KB
physical id	: 0
siblings	: 12
core id		: 2
cpu cores	: 6
apicid		: 4
initial apicid	: 4
fpu		: yes
fpu_exception	: yes
cpuid level	: 11
wp		: yes
flags		: fpu vme de pse tsc msr pae mce cx8 apic sep mtrr pge mca cmov pat pse36 clflush dts acpi mmx fxsr sse sse2 ss ht tm pbe syscall nx pdpe1gb rdtscp lm constant_tsc arch_perfmon pebs bts rep_good nopl xtopology nonstop_tsc aperfmperf pni dtes64 monitor ds_cpl vmx smx est tm2 ssse3 cx16 xtpr pdcm pcid dca sse4_1 sse4_2 popcnt lahf_lm epb tpr_shadow vnmi flexpriority ept vpid dtherm ida arat
bogomips	: 5333.77
clflush size	: 64
cache_alignment	: 64
address sizes	: 40 bits physical, 48 bits virtual
power management:

processor	: 3
vendor_id	: GenuineIntel
cpu family	: 6
model		: 44
model name	: Intel(R) Xeon(R) CPU           X5650  @ 2.67GHz
stepping	: 2
microcode	: 0x13
cpu MHz		: 2668.000
cache size	: 12288 KB
physical id	: 0
siblings	: 12
core id		: 8
cpu cores	: 6
apicid		: 16
initial apicid	: 16
fpu		: yes
fpu_exception	: yes
cpuid level	: 11
wp		: yes
flags		: fpu vme de pse tsc msr pae mce cx8 apic sep mtrr pge mca cmov pat pse36 clflush dts acpi mmx fxsr sse sse2 ss ht tm pbe syscall nx pdpe1gb rdtscp lm constant_tsc arch_perfmon pebs bts rep_good nopl xtopology nonstop_tsc aperfmperf pni dtes64 monitor ds_cpl vmx smx est tm2 ssse3 cx16 xtpr pdcm pcid dca sse4_1 sse4_2 popcnt lahf_lm epb tpr_shadow vnmi flexpriority ept vpid dtherm ida arat
bogomips	: 5333.77
clflush size	: 64
cache_alignment	: 64
address sizes	: 40 bits physical, 48 bits virtual
power management:

processor	: 4
vendor_id	: GenuineIntel
cpu family	: 6
model		: 44
model name	: Intel(R) Xeon(R) CPU           X5650  @ 2.67GHz
stepping	: 2
microcode	: 0x13
cpu MHz		: 2668.000
cache size	: 12288 KB
physical id	: 0
siblings	: 12
core id		: 9
cpu cores	: 6
apicid		: 18
initial apicid	: 18
fpu		: yes
fpu_exception	: yes
cpuid level	: 11
wp		: yes
flags		: fpu vme de pse tsc msr pae mce cx8 apic sep mtrr pge mca cmov pat pse36 clflush dts acpi mmx fxsr sse sse2 ss ht tm pbe syscall nx pdpe1gb rdtscp lm constant_tsc arch_perfmon pebs bts rep_good nopl xtopology nonstop_tsc aperfmperf pni dtes64 monitor ds_cpl vmx smx est tm2 ssse3 cx16 xtpr pdcm pcid dca sse4_1 sse4_2 popcnt lahf_lm epb tpr_shadow vnmi flexpriority ept vpid dtherm ida arat
bogomips	: 5333.77
clflush size	: 64
cache_alignment	: 64
address sizes	: 40 bits physical, 48 bits virtual
power management:

processor	: 5
vendor_id	: GenuineIntel
cpu family	: 6
model		: 44
model name	: Intel(R) Xeon(R) CPU           X5650  @ 2.67GHz
stepping	: 2
microcode	: 0x13
cpu MHz		: 2668.000
cache size	: 12288 KB
physical id	: 0
siblings	: 12
core id		: 10
cpu cores	: 6
apicid		: 20
initial apicid	: 20
fpu		: yes
fpu_exception	: yes
cpuid level	: 11
wp		: yes
flags		: fpu vme de pse tsc msr pae mce cx8 apic sep mtrr pge mca cmov pat pse36 clflush dts acpi mmx fxsr sse sse2 ss ht tm pbe syscall nx pdpe1gb rdtscp lm constant_tsc arch_perfmon pebs bts rep_good nopl xtopology nonstop_tsc aperfmperf pni dtes64 monitor ds_cpl vmx smx est tm2 ssse3 cx16 xtpr pdcm pcid dca sse4_1 sse4_2 popcnt lahf_lm epb tpr_shadow vnmi flexpriority ept vpid dtherm ida arat
bogomips	: 5333.77
clflush size	: 64
cache_alignment	: 64
address sizes	: 40 bits physical, 48 bits virtual
power management:

processor	: 6
vendor_id	: GenuineIntel
cpu family	: 6
model		: 44
model name	: Intel(R) Xeon(R) CPU           X5650  @ 2.67GHz
stepping	: 2
microcode	: 0x13
cpu MHz		: 2668.000
cache size	: 12288 KB
physical id	: 1
siblings	: 12
core id		: 0
cpu cores	: 6
apicid		: 32
initial apicid	: 32
fpu		: yes
fpu_exception	: yes
cpuid level	: 11
wp		: yes
flags		: fpu vme de pse tsc msr pae mce cx8 apic sep mtrr pge mca cmov pat pse36 clflush dts acpi mmx fxsr sse sse2 ss ht tm pbe syscall nx pdpe1gb rdtscp lm constant_tsc arch_perfmon pebs bts rep_good nopl xtopology nonstop_tsc aperfmperf pni dtes64 monitor ds_cpl vmx smx est tm2 ssse3 cx16 xtpr pdcm pcid dca sse4_1 sse4_2 popcnt lahf_lm epb tpr_shadow vnmi flexpriority ept vpid dtherm ida arat
bogomips	: 5333.19
clflush size	: 64
cache_alignment	: 64
address sizes	: 40 bits physical, 48 bits virtual
power management:

processor	: 7
vendor_id	: GenuineIntel
cpu family	: 6
model		: 44
model name	: Intel(R) Xeon(R) CPU           X5650  @ 2.67GHz
stepping	: 2
microcode	: 0x13
cpu MHz		: 2668.000
cache size	: 12288 KB
physical id	: 1
siblings	: 12
core id		: 1
cpu cores	: 6
apicid		: 34
initial apicid	: 34
fpu		: yes
fpu_exception	: yes
cpuid level	: 11
wp		: yes
flags		: fpu vme de pse tsc msr pae mce cx8 apic sep mtrr pge mca cmov pat pse36 clflush dts acpi mmx fxsr sse sse2 ss ht tm pbe syscall nx pdpe1gb rdtscp lm constant_tsc arch_perfmon pebs bts rep_good nopl xtopology nonstop_tsc aperfmperf pni dtes64 monitor ds_cpl vmx smx est tm2 ssse3 cx16 xtpr pdcm pcid dca sse4_1 sse4_2 popcnt lahf_lm epb tpr_shadow vnmi flexpriority ept vpid dtherm ida arat
bogomips	: 5333.19
clflush size	: 64
cache_alignment	: 64
address sizes	: 40 bits physical, 48 bits virtual
power management:

processor	: 8
vendor_id	: GenuineIntel
cpu family	: 6
model		: 44
model name	: Intel(R) Xeon(R) CPU           X5650  @ 2.67GHz
stepping	: 2
microcode	: 0x13
cpu MHz		: 2668.000
cache size	: 12288 KB
physical id	: 1
siblings	: 12
core id		: 2
cpu cores	: 6
apicid		: 36
initial apicid	: 36
fpu		: yes
fpu_exception	: yes
cpuid level	: 11
wp		: yes
flags		: fpu vme de pse tsc msr pae mce cx8 apic sep mtrr pge mca cmov pat pse36 clflush dts acpi mmx fxsr sse sse2 ss ht tm pbe syscall nx pdpe1gb rdtscp lm constant_tsc arch_perfmon pebs bts rep_good nopl xtopology nonstop_tsc aperfmperf pni dtes64 monitor ds_cpl vmx smx est tm2 ssse3 cx16 xtpr pdcm pcid dca sse4_1 sse4_2 popcnt lahf_lm epb tpr_shadow vnmi flexpriority ept vpid dtherm ida arat
bogomips	: 5333.19
clflush size	: 64
cache_alignment	: 64
address sizes	: 40 bits physical, 48 bits virtual
power management:

processor	: 9
vendor_id	: GenuineIntel
cpu family	: 6
model		: 44
model name	: Intel(R) Xeon(R) CPU           X5650  @ 2.67GHz
stepping	: 2
microcode	: 0x13
cpu MHz		: 2668.000
cache size	: 12288 KB
physical id	: 1
siblings	: 12
core id		: 8
cpu cores	: 6
apicid		: 48
initial apicid	: 48
fpu		: yes
fpu_exception	: yes
cpuid level	: 11
wp		: yes
flags		: fpu vme de pse tsc msr pae mce cx8 apic sep mtrr pge mca cmov pat pse36 clflush dts acpi mmx fxsr sse sse2 ss ht tm pbe syscall nx pdpe1gb rdtscp lm constant_tsc arch_perfmon pebs bts rep_good nopl xtopology nonstop_tsc aperfmperf pni dtes64 monitor ds_cpl vmx smx est tm2 ssse3 cx16 xtpr pdcm pcid dca sse4_1 sse4_2 popcnt lahf_lm epb tpr_shadow vnmi flexpriority ept vpid dtherm ida arat
bogomips	: 5333.19
clflush size	: 64
cache_alignment	: 64
address sizes	: 40 bits physical, 48 bits virtual
power management:

processor	: 10
vendor_id	: GenuineIntel
cpu family	: 6
model		: 44
model name	: Intel(R) Xeon(R) CPU           X5650  @ 2.67GHz
stepping	: 2
microcode	: 0x13
cpu MHz		: 2667.000
cache size	: 12288 KB
physical id	: 1
siblings	: 12
core id		: 9
cpu cores	: 6
apicid		: 50
initial apicid	: 50
fpu		: yes
fpu_exception	: yes
cpuid level	: 11
wp		: yes
flags		: fpu vme de pse tsc msr pae mce cx8 apic sep mtrr pge mca cmov pat pse36 clflush dts acpi mmx fxsr sse sse2 ss ht tm pbe syscall nx pdpe1gb rdtscp lm constant_tsc arch_perfmon pebs bts rep_good nopl xtopology nonstop_tsc aperfmperf pni dtes64 monitor ds_cpl vmx smx est tm2 ssse3 cx16 xtpr pdcm pcid dca sse4_1 sse4_2 popcnt lahf_lm epb tpr_shadow vnmi flexpriority ept vpid dtherm ida arat
bogomips	: 5333.19
clflush size	: 64
cache_alignment	: 64
address sizes	: 40 bits physical, 48 bits virtual
power management:

processor	: 11
vendor_id	: GenuineIntel
cpu family	: 6
model		: 44
model name	: Intel(R) Xeon(R) CPU           X5650  @ 2.67GHz
stepping	: 2
microcode	: 0x13
cpu MHz		: 2668.000
cache size	: 12288 KB
physical id	: 1
siblings	: 12
core id		: 10
cpu cores	: 6
apicid		: 52
initial apicid	: 52
fpu		: yes
fpu_exception	: yes
cpuid level	: 11
wp		: yes
flags		: fpu vme de pse tsc msr pae mce cx8 apic sep mtrr pge mca cmov pat pse36 clflush dts acpi mmx fxsr sse sse2 ss ht tm pbe syscall nx pdpe1gb rdtscp lm constant_tsc arch_perfmon pebs bts rep_good nopl xtopology nonstop_tsc aperfmperf pni dtes64 monitor ds_cpl vmx smx est tm2 ssse3 cx16 xtpr pdcm pcid dca sse4_1 sse4_2 popcnt lahf_lm epb tpr_shadow vnmi flexpriority ept vpid dtherm ida arat
bogomips	: 5333.19
clflush size	: 64
cache_alignment	: 64
address sizes	: 40 bits physical, 48 bits virtual
power management:

processor	: 12
vendor_id	: GenuineIntel
cpu family	: 6
model		: 44
model name	: Intel(R) Xeon(R) CPU           X5650  @ 2.67GHz
stepping	: 2
microcode	: 0x13
cpu MHz		: 2668.000
cache size	: 12288 KB
physical id	: 0
siblings	: 12
core id		: 0
cpu cores	: 6
apicid		: 1
initial apicid	: 1
fpu		: yes
fpu_exception	: yes
cpuid level	: 11
wp		: yes
flags		: fpu vme de pse tsc msr pae mce cx8 apic sep mtrr pge mca cmov pat pse36 clflush dts acpi mmx fxsr sse sse2 ss ht tm pbe syscall nx pdpe1gb rdtscp lm constant_tsc arch_perfmon pebs bts rep_good nopl xtopology nonstop_tsc aperfmperf pni dtes64 monitor ds_cpl vmx smx est tm2 ssse3 cx16 xtpr pdcm pcid dca sse4_1 sse4_2 popcnt lahf_lm epb tpr_shadow vnmi flexpriority ept vpid dtherm ida arat
bogomips	: 5333.77
clflush size	: 64
cache_alignment	: 64
address sizes	: 40 bits physical, 48 bits virtual
power management:

processor	: 13
vendor_id	: GenuineIntel
cpu family	: 6
model		: 44
model name	: Intel(R) Xeon(R) CPU           X5650  @ 2.67GHz
stepping	: 2
microcode	: 0x13
cpu MHz		: 2668.000
cache size	: 12288 KB
physical id	: 0
siblings	: 12
core id		: 1
cpu cores	: 6
apicid		: 3
initial apicid	: 3
fpu		: yes
fpu_exception	: yes
cpuid level	: 11
wp		: yes
flags		: fpu vme de pse tsc msr pae mce cx8 apic sep mtrr pge mca cmov pat pse36 clflush dts acpi mmx fxsr sse sse2 ss ht tm pbe syscall nx pdpe1gb rdtscp lm constant_tsc arch_perfmon pebs bts rep_good nopl xtopology nonstop_tsc aperfmperf pni dtes64 monitor ds_cpl vmx smx est tm2 ssse3 cx16 xtpr pdcm pcid dca sse4_1 sse4_2 popcnt lahf_lm epb tpr_shadow vnmi flexpriority ept vpid dtherm ida arat
bogomips	: 5333.77
clflush size	: 64
cache_alignment	: 64
address sizes	: 40 bits physical, 48 bits virtual
power management:

processor	: 14
vendor_id	: GenuineIntel
cpu family	: 6
model		: 44
model name	: Intel(R) Xeon(R) CPU           X5650  @ 2.67GHz
stepping	: 2
microcode	: 0x13
cpu MHz		: 2267.000
cache size	: 12288 KB
physical id	: 0
siblings	: 12
core id		: 2
cpu cores	: 6
apicid		: 5
initial apicid	: 5
fpu		: yes
fpu_exception	: yes
cpuid level	: 11
wp		: yes
flags		: fpu vme de pse tsc msr pae mce cx8 apic sep mtrr pge mca cmov pat pse36 clflush dts acpi mmx fxsr sse sse2 ss ht tm pbe syscall nx pdpe1gb rdtscp lm constant_tsc arch_perfmon pebs bts rep_good nopl xtopology nonstop_tsc aperfmperf pni dtes64 monitor ds_cpl vmx smx est tm2 ssse3 cx16 xtpr pdcm pcid dca sse4_1 sse4_2 popcnt lahf_lm epb tpr_shadow vnmi flexpriority ept vpid dtherm ida arat
bogomips	: 5333.77
clflush size	: 64
cache_alignment	: 64
address sizes	: 40 bits physical, 48 bits virtual
power management:

processor	: 15
vendor_id	: GenuineIntel
cpu family	: 6
model		: 44
model name	: Intel(R) Xeon(R) CPU           X5650  @ 2.67GHz
stepping	: 2
microcode	: 0x13
cpu MHz		: 2668.000
cache size	: 12288 KB
physical id	: 0
siblings	: 12
core id		: 8
cpu cores	: 6
apicid		: 17
initial apicid	: 17
fpu		: yes
fpu_exception	: yes
cpuid level	: 11
wp		: yes
flags		: fpu vme de pse tsc msr pae mce cx8 apic sep mtrr pge mca cmov pat pse36 clflush dts acpi mmx fxsr sse sse2 ss ht tm pbe syscall nx pdpe1gb rdtscp lm constant_tsc arch_perfmon pebs bts rep_good nopl xtopology nonstop_tsc aperfmperf pni dtes64 monitor ds_cpl vmx smx est tm2 ssse3 cx16 xtpr pdcm pcid dca sse4_1 sse4_2 popcnt lahf_lm epb tpr_shadow vnmi flexpriority ept vpid dtherm ida arat
bogomips	: 5333.77
clflush size	: 64
cache_alignment	: 64
address sizes	: 40 bits physical, 48 bits virtual
power management:

processor	: 16
vendor_id	: GenuineIntel
cpu family	: 6
model		: 44
model name	: Intel(R) Xeon(R) CPU           X5650  @ 2.67GHz
stepping	: 2
microcode	: 0x13
cpu MHz		: 2668.000
cache size	: 12288 KB
physical id	: 0
siblings	: 12
core id		: 9
cpu cores	: 6
apicid		: 19
initial apicid	: 19
fpu		: yes
fpu_exception	: yes
cpuid level	: 11
wp		: yes
flags		: fpu vme de pse tsc msr pae mce cx8 apic sep mtrr pge mca cmov pat pse36 clflush dts acpi mmx fxsr sse sse2 ss ht tm pbe syscall nx pdpe1gb rdtscp lm constant_tsc arch_perfmon pebs bts rep_good nopl xtopology nonstop_tsc aperfmperf pni dtes64 monitor ds_cpl vmx smx est tm2 ssse3 cx16 xtpr pdcm pcid dca sse4_1 sse4_2 popcnt lahf_lm epb tpr_shadow vnmi flexpriority ept vpid dtherm ida arat
bogomips	: 5333.77
clflush size	: 64
cache_alignment	: 64
address sizes	: 40 bits physical, 48 bits virtual
power management:

processor	: 17
vendor_id	: GenuineIntel
cpu family	: 6
model		: 44
model name	: Intel(R) Xeon(R) CPU           X5650  @ 2.67GHz
stepping	: 2
microcode	: 0x13
cpu MHz		: 2668.000
cache size	: 12288 KB
physical id	: 0
siblings	: 12
core id		: 10
cpu cores	: 6
apicid		: 21
initial apicid	: 21
fpu		: yes
fpu_exception	: yes
cpuid level	: 11
wp		: yes
flags		: fpu vme de pse tsc msr pae mce cx8 apic sep mtrr pge mca cmov pat pse36 clflush dts acpi mmx fxsr sse sse2 ss ht tm pbe syscall nx pdpe1gb rdtscp lm constant_tsc arch_perfmon pebs bts rep_good nopl xtopology nonstop_tsc aperfmperf pni dtes64 monitor ds_cpl vmx smx est tm2 ssse3 cx16 xtpr pdcm pcid dca sse4_1 sse4_2 popcnt lahf_lm epb tpr_shadow vnmi flexpriority ept vpid dtherm ida arat
bogomips	: 5333.77
clflush size	: 64
cache_alignment	: 64
address sizes	: 40 bits physical, 48 bits virtual
power management:

processor	: 18
vendor_id	: GenuineIntel
cpu family	: 6
model		: 44
model name	: Intel(R) Xeon(R) CPU           X5650  @ 2.67GHz
stepping	: 2
microcode	: 0x13
cpu MHz		: 2668.000
cache size	: 12288 KB
physical id	: 1
siblings	: 12
core id		: 0
cpu cores	: 6
apicid		: 33
initial apicid	: 33
fpu		: yes
fpu_exception	: yes
cpuid level	: 11
wp		: yes
flags		: fpu vme de pse tsc msr pae mce cx8 apic sep mtrr pge mca cmov pat pse36 clflush dts acpi mmx fxsr sse sse2 ss ht tm pbe syscall nx pdpe1gb rdtscp lm constant_tsc arch_perfmon pebs bts rep_good nopl xtopology nonstop_tsc aperfmperf pni dtes64 monitor ds_cpl vmx smx est tm2 ssse3 cx16 xtpr pdcm pcid dca sse4_1 sse4_2 popcnt lahf_lm epb tpr_shadow vnmi flexpriority ept vpid dtherm ida arat
bogomips	: 5333.19
clflush size	: 64
cache_alignment	: 64
address sizes	: 40 bits physical, 48 bits virtual
power management:

processor	: 19
vendor_id	: GenuineIntel
cpu family	: 6
model		: 44
model name	: Intel(R) Xeon(R) CPU           X5650  @ 2.67GHz
stepping	: 2
microcode	: 0x13
cpu MHz		: 2668.000
cache size	: 12288 KB
physical id	: 1
siblings	: 12
core id		: 1
cpu cores	: 6
apicid		: 35
initial apicid	: 35
fpu		: yes
fpu_exception	: yes
cpuid level	: 11
wp		: yes
flags		: fpu vme de pse tsc msr pae mce cx8 apic sep mtrr pge mca cmov pat pse36 clflush dts acpi mmx fxsr sse sse2 ss ht tm pbe syscall nx pdpe1gb rdtscp lm constant_tsc arch_perfmon pebs bts rep_good nopl xtopology nonstop_tsc aperfmperf pni dtes64 monitor ds_cpl vmx smx est tm2 ssse3 cx16 xtpr pdcm pcid dca sse4_1 sse4_2 popcnt lahf_lm epb tpr_shadow vnmi flexpriority ept vpid dtherm ida arat
bogomips	: 5333.19
clflush size	: 64
cache_alignment	: 64
address sizes	: 40 bits physical, 48 bits virtual
power management:

processor	: 20
vendor_id	: GenuineIntel
cpu family	: 6
model		: 44
model name	: Intel(R) Xeon(R) CPU           X5650  @ 2.67GHz
stepping	: 2
microcode	: 0x13
cpu MHz		: 2668.000
cache size	: 12288 KB
physical id	: 1
siblings	: 12
core id		: 2
cpu cores	: 6
apicid		: 37
initial apicid	: 37
fpu		: yes
fpu_exception	: yes
cpuid level	: 11
wp		: yes
flags		: fpu vme de pse tsc msr pae mce cx8 apic sep mtrr pge mca cmov pat pse36 clflush dts acpi mmx fxsr sse sse2 ss ht tm pbe syscall nx pdpe1gb rdtscp lm constant_tsc arch_perfmon pebs bts rep_good nopl xtopology nonstop_tsc aperfmperf pni dtes64 monitor ds_cpl vmx smx est tm2 ssse3 cx16 xtpr pdcm pcid dca sse4_1 sse4_2 popcnt lahf_lm epb tpr_shadow vnmi flexpriority ept vpid dtherm ida arat
bogomips	: 5333.19
clflush size	: 64
cache_alignment	: 64
address sizes	: 40 bits physical, 48 bits virtual
power management:

processor	: 21
vendor_id	: GenuineIntel
cpu family	: 6
model		: 44
model name	: Intel(R) Xeon(R) CPU           X5650  @ 2.67GHz
stepping	: 2
microcode	: 0x13
cpu MHz		: 2668.000
cache size	: 12288 KB
physical id	: 1
siblings	: 12
core id		: 8
cpu cores	: 6
apicid		: 49
initial apicid	: 49
fpu		: yes
fpu_exception	: yes
cpuid level	: 11
wp		: yes
flags		: fpu vme de pse tsc msr pae mce cx8 apic sep mtrr pge mca cmov pat pse36 clflush dts acpi mmx fxsr sse sse2 ss ht tm pbe syscall nx pdpe1gb rdtscp lm constant_tsc arch_perfmon pebs bts rep_good nopl xtopology nonstop_tsc aperfmperf pni dtes64 monitor ds_cpl vmx smx est tm2 ssse3 cx16 xtpr pdcm pcid dca sse4_1 sse4_2 popcnt lahf_lm epb tpr_shadow vnmi flexpriority ept vpid dtherm ida arat
bogomips	: 5333.19
clflush size	: 64
cache_alignment	: 64
address sizes	: 40 bits physical, 48 bits virtual
power management:

processor	: 22
vendor_id	: GenuineIntel
cpu family	: 6
model		: 44
model name	: Intel(R) Xeon(R) CPU           X5650  @ 2.67GHz
stepping	: 2
microcode	: 0x13
cpu MHz		: 2668.000
cache size	: 12288 KB
physical id	: 1
siblings	: 12
core id		: 9
cpu cores	: 6
apicid		: 51
initial apicid	: 51
fpu		: yes
fpu_exception	: yes
cpuid level	: 11
wp		: yes
flags		: fpu vme de pse tsc msr pae mce cx8 apic sep mtrr pge mca cmov pat pse36 clflush dts acpi mmx fxsr sse sse2 ss ht tm pbe syscall nx pdpe1gb rdtscp lm constant_tsc arch_perfmon pebs bts rep_good nopl xtopology nonstop_tsc aperfmperf pni dtes64 monitor ds_cpl vmx smx est tm2 ssse3 cx16 xtpr pdcm pcid dca sse4_1 sse4_2 popcnt lahf_lm epb tpr_shadow vnmi flexpriority ept vpid dtherm ida arat
bogomips	: 5333.19
clflush size	: 64
cache_alignment	: 64
address sizes	: 40 bits physical, 48 bits virtual
power management:

processor	: 23
vendor_id	: GenuineIntel
cpu family	: 6
model		: 44
model name	: Intel(R) Xeon(R) CPU           X5650  @ 2.67GHz
stepping	: 2
microcode	: 0x13
cpu MHz		: 2668.000
cache size	: 12288 KB
physical id	: 1
siblings	: 12
core id		: 10
cpu cores	: 6
apicid		: 53
initial apicid	: 53
fpu		: yes
fpu_exception	: yes
cpuid level	: 11
wp		: yes
flags		: fpu vme de pse tsc msr pae mce cx8 apic sep mtrr pge mca cmov pat pse36 clflush dts acpi mmx fxsr sse sse2 ss ht tm pbe syscall nx pdpe1gb rdtscp lm constant_tsc arch_perfmon pebs bts rep_good nopl xtopology nonstop_tsc aperfmperf pni dtes64 monitor ds_cpl vmx smx est tm2 ssse3 cx16 xtpr pdcm pcid dca sse4_1 sse4_2 popcnt lahf_lm epb tpr_shadow vnmi flexpriority ept vpid dtherm ida arat
bogomips	: 5333.19
clflush size	: 64
cache_alignment	: 64
address sizes	: 40 bits physical, 48 bits virtual
power management:



Memory: 4k page, physical 24512716k(16100660k free), swap 4194300k(4194300k free)

vm_info: OpenJDK 64-Bit Server VM (25.161-b14) for linux-amd64 JRE (1.8.0_161-b14), built on Jan 17 2018 16:35:30 by "mockbuild" with gcc 4.8.5 20150623 (Red Hat 4.8.5-16)

time: Fri Mar  9 22:05:22 2018
elapsed time: 212 seconds (0d 0h 3m 32s)

